#
# There is insufficient memory for the Java Runtime Environment to continue.
# Native memory allocation (malloc) failed to allocate 2113456 bytes for Chunk::new
# Possible reasons:
#   The system is out of physical RAM or swap space
#   The process is running with CompressedOops enabled, and the Java Heap may be blocking the growth of the native heap
# Possible solutions:
#   Reduce memory load on the system
#   Increase physical memory or swap space
#   Check if swap backing store is full
#   Decrease Java heap size (-Xmx/-Xms)
#   Decrease number of Java threads
#   Decrease Java thread stack sizes (-Xss)
#   Set larger code cache with -XX:ReservedCodeCacheSize=
#   JVM is running with Unscaled Compressed Oops mode in which the Java heap is
#     placed in the first 4GB address space. The Java Heap base address is the
#     maximum limit for the native heap growth. Please use -XX:HeapBaseMinAddress
#     to set the Java Heap base and to place the Java Heap above 4GB virtual address.
# This output file may be truncated or incomplete.
#
#  Out of Memory Error (./src/hotspot/share/memory/arena.cpp:197), pid=7372, tid=5968
#
# JRE version: OpenJDK Runtime Environment (11.0.10) (build 11.0.10+0-b96-7249189)
# Java VM: OpenJDK 64-Bit Server VM (11.0.10+0-b96-7249189, mixed mode, tiered, compressed oops, g1 gc, windows-amd64)
# No core dump will be written. Minidumps are not enabled by default on client versions of Windows
#

---------------  S U M M A R Y ------------

Command Line: --add-opens=java.base/java.util=ALL-UNNAMED --add-opens=java.base/java.lang=ALL-UNNAMED --add-opens=java.base/java.lang.invoke=ALL-UNNAMED --add-opens=java.base/java.util=ALL-UNNAMED --add-opens=java.prefs/java.util.prefs=ALL-UNNAMED --add-opens=java.prefs/java.util.prefs=ALL-UNNAMED --add-opens=java.base/java.nio.charset=ALL-UNNAMED --add-opens=java.base/java.net=ALL-UNNAMED --add-opens=java.base/java.util.concurrent.atomic=ALL-UNNAMED -Xmx2048m -Dfile.encoding=UTF-8 -Duser.country=BR -Duser.language=pt -Duser.variant org.gradle.launcher.daemon.bootstrap.GradleDaemon 7.0.2

Host: Intel(R) Core(TM) i5-4670K CPU @ 3.40GHz, 4 cores, 7G,  Windows 10 , 64 bit Build 19041 (10.0.19041.928)
Time: Mon Sep  6 22:29:19 2021 Hora oficial do Brasil elapsed time: 55.306473 seconds (0d 0h 0m 55s)

---------------  T H R E A D  ---------------

Current thread (0x000002255ab1c800):  JavaThread "C2 CompilerThread0" daemon [_thread_in_native, id=5968, stack(0x000000a2d1c00000,0x000000a2d1d00000)]


Current CompileTask:
C2:  55306 18425       4       com.android.tools.r8.internal.j4::a (180 bytes)

Stack: [0x000000a2d1c00000,0x000000a2d1d00000]
Native frames: (J=compiled Java code, j=interpreted, Vv=VM code, C=native code)
V  [jvm.dll+0x5ecfaa]
V  [jvm.dll+0x722bd5]
V  [jvm.dll+0x72412d]
V  [jvm.dll+0x7247e3]
V  [jvm.dll+0x242928]
V  [jvm.dll+0xbc4fc]
V  [jvm.dll+0xbca0c]
V  [jvm.dll+0x352d7d]
V  [jvm.dll+0x320ad3]
V  [jvm.dll+0x31ffca]
V  [jvm.dll+0x1fb602]
V  [jvm.dll+0x1fa7f4]
V  [jvm.dll+0x18354c]
V  [jvm.dll+0x208ee7]
V  [jvm.dll+0x207731]
V  [jvm.dll+0x6eb1cf]
V  [jvm.dll+0x6e3d45]
V  [jvm.dll+0x5ebe96]
C  [ucrtbase.dll+0x21bb2]
C  [KERNEL32.DLL+0x17034]
C  [ntdll.dll+0x52651]


---------------  P R O C E S S  ---------------

Threads class SMR info:
_java_thread_list=0x0000022561602240, length=50, elements={
0x000002253f04c000, 0x000002255aafc000, 0x000002255aafe000, 0x000002255ab18000,
0x000002255ab18800, 0x000002255ab19800, 0x000002255ab1c800, 0x000002255ab3f000,
0x000002255b4e0800, 0x000002255b5e6800, 0x000002255bd2a800, 0x000002255c358800,
0x000002255c9f6800, 0x000002255c850000, 0x000002255e05d000, 0x000002255c214000,
0x000002255c5f4800, 0x000002255d34f800, 0x000002255d99e800, 0x000002255db03800,
0x000002255daff800, 0x000002255db00000, 0x000002255db04000, 0x000002255db01000,
0x000002255dafe800, 0x000002255db05000, 0x000002255db02000, 0x000002255db02800,
0x000002255f77a000, 0x000002255f77b800, 0x000002255f77c800, 0x000002255f77d000,
0x000002255f77f000, 0x000002255f780800, 0x000002255f77f800, 0x000002255f787000,
0x000002255f783800, 0x000002255f781000, 0x000002255f784800, 0x000002255f783000,
0x000002255f786000, 0x000002255f788000, 0x000002256345a800, 0x000002256345c000,
0x0000022563461000, 0x000002256345b000, 0x000002256345d000, 0x000002256345d800,
0x000002256345f000, 0x00000225611b9800
}

Java Threads: ( => current thread )
  0x000002253f04c000 JavaThread "main" [_thread_blocked, id=6776, stack(0x000000a2d1000000,0x000000a2d1100000)]
  0x000002255aafc000 JavaThread "Reference Handler" daemon [_thread_blocked, id=532, stack(0x000000a2d1700000,0x000000a2d1800000)]
  0x000002255aafe000 JavaThread "Finalizer" daemon [_thread_blocked, id=7804, stack(0x000000a2d1800000,0x000000a2d1900000)]
  0x000002255ab18000 JavaThread "Signal Dispatcher" daemon [_thread_blocked, id=7204, stack(0x000000a2d1900000,0x000000a2d1a00000)]
  0x000002255ab18800 JavaThread "Attach Listener" daemon [_thread_blocked, id=960, stack(0x000000a2d1a00000,0x000000a2d1b00000)]
  0x000002255ab19800 JavaThread "Service Thread" daemon [_thread_blocked, id=236, stack(0x000000a2d1b00000,0x000000a2d1c00000)]
=>0x000002255ab1c800 JavaThread "C2 CompilerThread0" daemon [_thread_in_native, id=5968, stack(0x000000a2d1c00000,0x000000a2d1d00000)]
  0x000002255ab3f000 JavaThread "C1 CompilerThread0" daemon [_thread_blocked, id=7652, stack(0x000000a2d1d00000,0x000000a2d1e00000)]
  0x000002255b4e0800 JavaThread "Sweeper thread" daemon [_thread_blocked, id=3080, stack(0x000000a2d1e00000,0x000000a2d1f00000)]
  0x000002255b5e6800 JavaThread "Common-Cleaner" daemon [_thread_blocked, id=7636, stack(0x000000a2d1f00000,0x000000a2d2000000)]
  0x000002255bd2a800 JavaThread "Daemon health stats" [_thread_blocked, id=420, stack(0x000000a2d2400000,0x000000a2d2500000)]
  0x000002255c358800 JavaThread "Incoming local TCP Connector on port 62834" [_thread_in_native, id=1052, stack(0x000000a2d2500000,0x000000a2d2600000)]
  0x000002255c9f6800 JavaThread "Daemon periodic checks" [_thread_blocked, id=5436, stack(0x000000a2d2600000,0x000000a2d2700000)]
  0x000002255c850000 JavaThread "Daemon" [_thread_blocked, id=8, stack(0x000000a2d2700000,0x000000a2d2800000)]
  0x000002255e05d000 JavaThread "Handler for socket connection from /127.0.0.1:62834 to /127.0.0.1:62835" [_thread_in_native, id=8180, stack(0x000000a2d2800000,0x000000a2d2900000)]
  0x000002255c214000 JavaThread "Cancel handler" [_thread_blocked, id=5424, stack(0x000000a2d2a00000,0x000000a2d2b00000)]
  0x000002255c5f4800 JavaThread "Daemon worker" [_thread_blocked, id=2472, stack(0x000000a2d2b00000,0x000000a2d2c00000)]
  0x000002255d34f800 JavaThread "Asynchronous log dispatcher for DefaultDaemonConnection: socket connection from /127.0.0.1:62834 to /127.0.0.1:62835" [_thread_blocked, id=7948, stack(0x000000a2d2c00000,0x000000a2d2d00000)]
  0x000002255d99e800 JavaThread "Stdin handler" [_thread_blocked, id=8060, stack(0x000000a2d2d00000,0x000000a2d2e00000)]
  0x000002255db03800 JavaThread "Daemon client event forwarder" [_thread_blocked, id=7676, stack(0x000000a2d2e00000,0x000000a2d2f00000)]
  0x000002255daff800 JavaThread "Cache worker for file hash cache (C:\Users\Fernando Lima\.gradle\caches\7.0.2\fileHashes)" [_thread_blocked, id=7092, stack(0x000000a2d2100000,0x000000a2d2200000)]
  0x000002255db00000 JavaThread "File lock request listener" [_thread_in_native, id=7748, stack(0x000000a2d2f00000,0x000000a2d3000000)]
  0x000002255db04000 JavaThread "Cache worker for journal cache (C:\Users\Fernando Lima\.gradle\caches\journal-1)" [_thread_blocked, id=7268, stack(0x000000a2d3000000,0x000000a2d3100000)]
  0x000002255db01000 JavaThread "Cache worker for file hash cache (C:\garimpeirodanetasmelhoresofertas\.gradle\7.0.2\fileHashes)" [_thread_blocked, id=7964, stack(0x000000a2d3100000,0x000000a2d3200000)]
  0x000002255dafe800 JavaThread "File watcher server" daemon [_thread_in_native, id=6824, stack(0x000000a2d3200000,0x000000a2d3300000)]
  0x000002255db05000 JavaThread "File watcher consumer" daemon [_thread_blocked, id=7180, stack(0x000000a2d3300000,0x000000a2d3400000)]
  0x000002255db02000 JavaThread "Cache worker for checksums cache (C:\garimpeirodanetasmelhoresofertas\.gradle\checksums)" [_thread_blocked, id=2368, stack(0x000000a2d3400000,0x000000a2d3500000)]
  0x000002255db02800 JavaThread "Cache worker for cache directory md-supplier (C:\Users\Fernando Lima\.gradle\caches\7.0.2\md-supplier)" [_thread_blocked, id=1800, stack(0x000000a2d3500000,0x000000a2d3600000)]
  0x000002255f77a000 JavaThread "Cache worker for cache directory md-rule (C:\Users\Fernando Lima\.gradle\caches\7.0.2\md-rule)" [_thread_blocked, id=7048, stack(0x000000a2d3700000,0x000000a2d3800000)]
  0x000002255f77b800 JavaThread "Cache worker for execution history cache (C:\Users\Fernando Lima\.gradle\caches\7.0.2\executionHistory)" [_thread_blocked, id=7612, stack(0x000000a2d3800000,0x000000a2d3900000)]
  0x000002255f77c800 JavaThread "jar transforms" [_thread_blocked, id=4084, stack(0x000000a2d3900000,0x000000a2d3a00000)]
  0x000002255f77d000 JavaThread "jar transforms Thread 2" [_thread_blocked, id=7464, stack(0x000000a2d3a00000,0x000000a2d3b00000)]
  0x000002255f77f000 JavaThread "Cache worker for file content cache (C:\Users\Fernando Lima\.gradle\caches\7.0.2\fileContent)" [_thread_blocked, id=4648, stack(0x000000a2d3b00000,0x000000a2d3c00000)]
  0x000002255f780800 JavaThread "Cache worker for dependencies-accessors (C:\garimpeirodanetasmelhoresofertas\.gradle\7.0.2\dependencies-accessors)" [_thread_blocked, id=700, stack(0x000000a2d3c00000,0x000000a2d3d00000)]
  0x000002255f77f800 JavaThread "jar transforms Thread 3" [_thread_blocked, id=1180, stack(0x000000a2d3d00000,0x000000a2d3e00000)]
  0x000002255f787000 JavaThread "Cache worker for Build Output Cleanup Cache (C:\garimpeirodanetasmelhoresofertas\.gradle\buildOutputCleanup)" [_thread_blocked, id=7284, stack(0x000000a2d3e00000,0x000000a2d3f00000)]
  0x000002255f783800 JavaThread "Build operations" [_thread_blocked, id=3268, stack(0x000000a2d3f00000,0x000000a2d4000000)]
  0x000002255f781000 JavaThread "Build operations Thread 2" [_thread_blocked, id=4932, stack(0x000000a2d4000000,0x000000a2d4100000)]
  0x000002255f784800 JavaThread "Build operations Thread 3" [_thread_blocked, id=4424, stack(0x000000a2d4100000,0x000000a2d4200000)]
  0x000002255f783000 JavaThread "Build operations Thread 4" [_thread_blocked, id=7348, stack(0x000000a2d4200000,0x000000a2d4300000)]
  0x000002255f786000 JavaThread "jar transforms Thread 4" [_thread_blocked, id=2324, stack(0x000000a2d4300000,0x000000a2d4400000)]
  0x000002255f788000 JavaThread "Memory manager" [_thread_blocked, id=6496, stack(0x000000a2d4400000,0x000000a2d4500000)]
  0x000002256345a800 JavaThread "build event listener" [_thread_blocked, id=4196, stack(0x000000a2d4500000,0x000000a2d4600000)]
  0x000002256345c000 JavaThread "Execution worker for ':'" [_thread_in_Java, id=5904, stack(0x000000a2d4600000,0x000000a2d4700000)]
  0x0000022563461000 JavaThread "Execution worker for ':' Thread 2" [_thread_blocked, id=2588, stack(0x000000a2d4700000,0x000000a2d4800000)]
  0x000002256345b000 JavaThread "Execution worker for ':' Thread 3" [_thread_blocked, id=1416, stack(0x000000a2d4800000,0x000000a2d4900000)]
  0x000002256345d000 JavaThread "Cache worker for execution history cache (C:\garimpeirodanetasmelhoresofertas\.gradle\7.0.2\executionHistory)" [_thread_blocked, id=7088, stack(0x000000a2d4900000,0x000000a2d4a00000)]
  0x000002256345d800 JavaThread "Cache worker for Java compile cache (C:\Users\Fernando Lima\.gradle\caches\7.0.2\javaCompile)" [_thread_blocked, id=7288, stack(0x000000a2d4a00000,0x000000a2d4b00000)]
  0x000002256345f000 JavaThread "Cache worker for Java compile cache (C:\garimpeirodanetasmelhoresofertas\.gradle\7.0.2\javaCompile)" [_thread_blocked, id=8072, stack(0x000000a2d4b00000,0x000000a2d4c00000)]
  0x00000225611b9800 JavaThread "C2 CompilerThread1" daemon [_thread_in_native, id=6864, stack(0x000000a2d3600000,0x000000a2d3700000)]

Other Threads:
  0x000002255aaf8000 VMThread "VM Thread" [stack: 0x000000a2d1600000,0x000000a2d1700000] [id=5316]
  0x000002255b601000 WatcherThread [stack: 0x000000a2d2000000,0x000000a2d2100000] [id=8040]
  0x000002253f064800 GCTaskThread "GC Thread#0" [stack: 0x000000a2d1100000,0x000000a2d1200000] [id=840]
  0x000002255c072800 GCTaskThread "GC Thread#1" [stack: 0x000000a2d2200000,0x000000a2d2300000] [id=1692]
  0x000002255b84b800 GCTaskThread "GC Thread#2" [stack: 0x000000a2d2300000,0x000000a2d2400000] [id=2860]
  0x000002255e1fe000 GCTaskThread "GC Thread#3" [stack: 0x000000a2d2900000,0x000000a2d2a00000] [id=1768]
  0x000002253f096000 ConcurrentGCThread "G1 Main Marker" [stack: 0x000000a2d1200000,0x000000a2d1300000] [id=5208]
  0x000002253f098800 ConcurrentGCThread "G1 Conc#0" [stack: 0x000000a2d1300000,0x000000a2d1400000] [id=6476]
  0x000002253f124800 ConcurrentGCThread "G1 Refine#0" [stack: 0x000000a2d1400000,0x000000a2d1500000] [id=4908]
  0x000002253f127000 ConcurrentGCThread "G1 Young RemSet Sampling" [stack: 0x000000a2d1500000,0x000000a2d1600000] [id=6576]

Threads with active compile tasks:
C2 CompilerThread0  55340 18425       4       com.android.tools.r8.internal.j4::a (180 bytes)
C2 CompilerThread1  55340 18503       4       com.android.tools.r8.internal.j5::a (323 bytes)

VM state:not at safepoint (normal execution)

VM Mutex/Monitor currently owned by a thread: None

Heap address: 0x0000000080000000, size: 2048 MB, Compressed Oops mode: 32-bit
Narrow klass base: 0x0000000000000000, Narrow klass shift: 3
Compressed class space size: 1073741824 Address: 0x0000000100000000

Heap:
 garbage-first heap   total 422912K, used 329536K [0x0000000080000000, 0x0000000100000000)
  region size 1024K, 152 young (155648K), 12 survivors (12288K)
 Metaspace       used 105671K, capacity 108611K, committed 108748K, reserved 1142784K
  class space    used 13458K, capacity 14582K, committed 14592K, reserved 1048576K
Heap Regions: E=young(eden), S=young(survivor), O=old, HS=humongous(starts), HC=humongous(continues), CS=collection set, F=free, A=archive, TAMS=top-at-mark-start (previous, next)
|   0|0x0000000080000000, 0x0000000080100000, 0x0000000080100000|100%|HS|  |TAMS 0x0000000080100000, 0x0000000080000000| Complete 
|   1|0x0000000080100000, 0x0000000080200000, 0x0000000080200000|100%|HC|  |TAMS 0x0000000080200000, 0x0000000080100000| Complete 
|   2|0x0000000080200000, 0x0000000080300000, 0x0000000080300000|100%|HC|  |TAMS 0x0000000080300000, 0x0000000080200000| Complete 
|   3|0x0000000080300000, 0x0000000080400000, 0x0000000080400000|100%| O|  |TAMS 0x0000000080400000, 0x0000000080300000| Untracked 
|   4|0x0000000080400000, 0x0000000080500000, 0x0000000080500000|100%| O|  |TAMS 0x0000000080500000, 0x0000000080400000| Untracked 
|   5|0x0000000080500000, 0x0000000080600000, 0x0000000080600000|100%| O|  |TAMS 0x0000000080600000, 0x0000000080500000| Untracked 
|   6|0x0000000080600000, 0x0000000080700000, 0x0000000080700000|100%| O|  |TAMS 0x0000000080700000, 0x0000000080600000| Untracked 
|   7|0x0000000080700000, 0x0000000080800000, 0x0000000080800000|100%| O|  |TAMS 0x0000000080800000, 0x0000000080700000| Untracked 
|   8|0x0000000080800000, 0x0000000080900000, 0x0000000080900000|100%| O|  |TAMS 0x0000000080900000, 0x0000000080800000| Untracked 
|   9|0x0000000080900000, 0x0000000080a00000, 0x0000000080a00000|100%| O|  |TAMS 0x0000000080a00000, 0x0000000080900000| Untracked 
|  10|0x0000000080a00000, 0x0000000080b00000, 0x0000000080b00000|100%| O|  |TAMS 0x0000000080b00000, 0x0000000080a00000| Untracked 
|  11|0x0000000080b00000, 0x0000000080c00000, 0x0000000080c00000|100%| O|  |TAMS 0x0000000080c00000, 0x0000000080b00000| Untracked 
|  12|0x0000000080c00000, 0x0000000080d00000, 0x0000000080d00000|100%| O|  |TAMS 0x0000000080d00000, 0x0000000080c00000| Untracked 
|  13|0x0000000080d00000, 0x0000000080e00000, 0x0000000080e00000|100%| O|  |TAMS 0x0000000080e00000, 0x0000000080d00000| Untracked 
|  14|0x0000000080e00000, 0x0000000080f00000, 0x0000000080f00000|100%| O|  |TAMS 0x0000000080f00000, 0x0000000080e00000| Untracked 
|  15|0x0000000080f00000, 0x0000000081000000, 0x0000000081000000|100%| O|  |TAMS 0x0000000081000000, 0x0000000080f00000| Untracked 
|  16|0x0000000081000000, 0x0000000081100000, 0x0000000081100000|100%|HS|  |TAMS 0x0000000081100000, 0x0000000081000000| Complete 
|  17|0x0000000081100000, 0x0000000081200000, 0x0000000081200000|100%| O|  |TAMS 0x0000000081200000, 0x0000000081100000| Untracked 
|  18|0x0000000081200000, 0x0000000081300000, 0x0000000081300000|100%| O|  |TAMS 0x0000000081300000, 0x0000000081200000| Untracked 
|  19|0x0000000081300000, 0x0000000081400000, 0x0000000081400000|100%| O|  |TAMS 0x0000000081400000, 0x0000000081300000| Untracked 
|  20|0x0000000081400000, 0x0000000081500000, 0x0000000081500000|100%| O|  |TAMS 0x0000000081500000, 0x0000000081400000| Untracked 
|  21|0x0000000081500000, 0x0000000081600000, 0x0000000081600000|100%| O|  |TAMS 0x0000000081600000, 0x0000000081500000| Untracked 
|  22|0x0000000081600000, 0x0000000081700000, 0x0000000081700000|100%| O|  |TAMS 0x0000000081700000, 0x0000000081600000| Untracked 
|  23|0x0000000081700000, 0x0000000081800000, 0x0000000081800000|100%|HS|  |TAMS 0x0000000081800000, 0x0000000081700000| Complete 
|  24|0x0000000081800000, 0x0000000081900000, 0x0000000081900000|100%|HS|  |TAMS 0x0000000081900000, 0x0000000081800000| Complete 
|  25|0x0000000081900000, 0x0000000081a00000, 0x0000000081a00000|100%|HC|  |TAMS 0x0000000081a00000, 0x0000000081900000| Complete 
|  26|0x0000000081a00000, 0x0000000081b00000, 0x0000000081b00000|100%| O|  |TAMS 0x0000000081b00000, 0x0000000081a00000| Untracked 
|  27|0x0000000081b00000, 0x0000000081c00000, 0x0000000081c00000|100%| O|  |TAMS 0x0000000081c00000, 0x0000000081b00000| Untracked 
|  28|0x0000000081c00000, 0x0000000081d00000, 0x0000000081d00000|100%| O|  |TAMS 0x0000000081d00000, 0x0000000081c00000| Untracked 
|  29|0x0000000081d00000, 0x0000000081e00000, 0x0000000081e00000|100%| O|  |TAMS 0x0000000081e00000, 0x0000000081d00000| Untracked 
|  30|0x0000000081e00000, 0x0000000081f00000, 0x0000000081f00000|100%| O|  |TAMS 0x0000000081f00000, 0x0000000081e00000| Untracked 
|  31|0x0000000081f00000, 0x0000000082000000, 0x0000000082000000|100%| O|  |TAMS 0x0000000082000000, 0x0000000081f00000| Untracked 
|  32|0x0000000082000000, 0x0000000082100000, 0x0000000082100000|100%| O|  |TAMS 0x0000000082100000, 0x0000000082000000| Untracked 
|  33|0x0000000082100000, 0x0000000082200000, 0x0000000082200000|100%| O|  |TAMS 0x0000000082200000, 0x0000000082100000| Untracked 
|  34|0x0000000082200000, 0x0000000082300000, 0x0000000082300000|100%| O|  |TAMS 0x0000000082300000, 0x0000000082200000| Untracked 
|  35|0x0000000082300000, 0x0000000082400000, 0x0000000082400000|100%| O|  |TAMS 0x0000000082400000, 0x0000000082300000| Untracked 
|  36|0x0000000082400000, 0x0000000082500000, 0x0000000082500000|100%| O|  |TAMS 0x0000000082500000, 0x0000000082400000| Untracked 
|  37|0x0000000082500000, 0x0000000082600000, 0x0000000082600000|100%| O|  |TAMS 0x0000000082600000, 0x0000000082500000| Untracked 
|  38|0x0000000082600000, 0x0000000082700000, 0x0000000082700000|100%| O|  |TAMS 0x0000000082700000, 0x0000000082600000| Untracked 
|  39|0x0000000082700000, 0x0000000082800000, 0x0000000082800000|100%| O|  |TAMS 0x0000000082800000, 0x0000000082700000| Untracked 
|  40|0x0000000082800000, 0x0000000082900000, 0x0000000082900000|100%| O|  |TAMS 0x0000000082900000, 0x0000000082800000| Untracked 
|  41|0x0000000082900000, 0x0000000082a00000, 0x0000000082a00000|100%| O|  |TAMS 0x0000000082a00000, 0x0000000082900000| Untracked 
|  42|0x0000000082a00000, 0x0000000082b00000, 0x0000000082b00000|100%| O|  |TAMS 0x0000000082b00000, 0x0000000082a00000| Untracked 
|  43|0x0000000082b00000, 0x0000000082c00000, 0x0000000082c00000|100%| O|  |TAMS 0x0000000082c00000, 0x0000000082b00000| Untracked 
|  44|0x0000000082c00000, 0x0000000082d00000, 0x0000000082d00000|100%| O|  |TAMS 0x0000000082d00000, 0x0000000082c00000| Untracked 
|  45|0x0000000082d00000, 0x0000000082e00000, 0x0000000082e00000|100%| O|  |TAMS 0x0000000082e00000, 0x0000000082d00000| Untracked 
|  46|0x0000000082e00000, 0x0000000082f00000, 0x0000000082f00000|100%| O|  |TAMS 0x0000000082f00000, 0x0000000082e00000| Untracked 
|  47|0x0000000082f00000, 0x0000000083000000, 0x0000000083000000|100%| O|  |TAMS 0x0000000083000000, 0x0000000082f00000| Untracked 
|  48|0x0000000083000000, 0x0000000083100000, 0x0000000083100000|100%| O|  |TAMS 0x0000000083100000, 0x0000000083000000| Untracked 
|  49|0x0000000083100000, 0x0000000083200000, 0x0000000083200000|100%| O|  |TAMS 0x0000000083200000, 0x0000000083100000| Untracked 
|  50|0x0000000083200000, 0x0000000083300000, 0x0000000083300000|100%| O|  |TAMS 0x0000000083300000, 0x0000000083200000| Untracked 
|  51|0x0000000083300000, 0x0000000083400000, 0x0000000083400000|100%| O|  |TAMS 0x0000000083400000, 0x0000000083300000| Untracked 
|  52|0x0000000083400000, 0x0000000083500000, 0x0000000083500000|100%| O|  |TAMS 0x0000000083500000, 0x0000000083400000| Untracked 
|  53|0x0000000083500000, 0x0000000083600000, 0x0000000083600000|100%| O|  |TAMS 0x0000000083600000, 0x0000000083500000| Untracked 
|  54|0x0000000083600000, 0x0000000083700000, 0x0000000083700000|100%| O|  |TAMS 0x0000000083700000, 0x0000000083600000| Untracked 
|  55|0x0000000083700000, 0x0000000083800000, 0x0000000083800000|100%| O|  |TAMS 0x0000000083800000, 0x0000000083700000| Untracked 
|  56|0x0000000083800000, 0x0000000083900000, 0x0000000083900000|100%| O|  |TAMS 0x0000000083900000, 0x0000000083800000| Untracked 
|  57|0x0000000083900000, 0x0000000083a00000, 0x0000000083a00000|100%| O|  |TAMS 0x0000000083a00000, 0x0000000083900000| Untracked 
|  58|0x0000000083a00000, 0x0000000083b00000, 0x0000000083b00000|100%| O|  |TAMS 0x0000000083b00000, 0x0000000083a00000| Untracked 
|  59|0x0000000083b00000, 0x0000000083c00000, 0x0000000083c00000|100%| O|  |TAMS 0x0000000083c00000, 0x0000000083b00000| Untracked 
|  60|0x0000000083c00000, 0x0000000083d00000, 0x0000000083d00000|100%| O|  |TAMS 0x0000000083d00000, 0x0000000083c00000| Untracked 
|  61|0x0000000083d00000, 0x0000000083e00000, 0x0000000083e00000|100%| O|  |TAMS 0x0000000083e00000, 0x0000000083d00000| Untracked 
|  62|0x0000000083e00000, 0x0000000083f00000, 0x0000000083f00000|100%| O|  |TAMS 0x0000000083f00000, 0x0000000083e00000| Untracked 
|  63|0x0000000083f00000, 0x0000000084000000, 0x0000000084000000|100%| O|  |TAMS 0x0000000084000000, 0x0000000083f00000| Untracked 
|  64|0x0000000084000000, 0x0000000084100000, 0x0000000084100000|100%| O|  |TAMS 0x0000000084100000, 0x0000000084000000| Untracked 
|  65|0x0000000084100000, 0x0000000084200000, 0x0000000084200000|100%| O|  |TAMS 0x0000000084100000, 0x0000000084100000| Untracked 
|  66|0x0000000084200000, 0x0000000084300000, 0x0000000084300000|100%| O|  |TAMS 0x0000000084300000, 0x0000000084200000| Untracked 
|  67|0x0000000084300000, 0x0000000084400000, 0x0000000084400000|100%| O|  |TAMS 0x0000000084400000, 0x0000000084300000| Untracked 
|  68|0x0000000084400000, 0x0000000084500000, 0x0000000084500000|100%| O|  |TAMS 0x0000000084500000, 0x0000000084400000| Untracked 
|  69|0x0000000084500000, 0x0000000084600000, 0x0000000084600000|100%| O|  |TAMS 0x0000000084600000, 0x0000000084500000| Untracked 
|  70|0x0000000084600000, 0x0000000084700000, 0x0000000084700000|100%| O|  |TAMS 0x0000000084700000, 0x0000000084600000| Untracked 
|  71|0x0000000084700000, 0x0000000084800000, 0x0000000084800000|100%| O|  |TAMS 0x0000000084800000, 0x0000000084700000| Untracked 
|  72|0x0000000084800000, 0x0000000084900000, 0x0000000084900000|100%| O|  |TAMS 0x0000000084900000, 0x0000000084800000| Untracked 
|  73|0x0000000084900000, 0x0000000084a00000, 0x0000000084a00000|100%| O|  |TAMS 0x0000000084a00000, 0x0000000084900000| Untracked 
|  74|0x0000000084a00000, 0x0000000084b00000, 0x0000000084b00000|100%| O|  |TAMS 0x0000000084b00000, 0x0000000084a00000| Untracked 
|  75|0x0000000084b00000, 0x0000000084c00000, 0x0000000084c00000|100%| O|  |TAMS 0x0000000084c00000, 0x0000000084b00000| Untracked 
|  76|0x0000000084c00000, 0x0000000084d00000, 0x0000000084d00000|100%| O|  |TAMS 0x0000000084d00000, 0x0000000084c00000| Untracked 
|  77|0x0000000084d00000, 0x0000000084e00000, 0x0000000084e00000|100%| O|  |TAMS 0x0000000084d00000, 0x0000000084d00000| Untracked 
|  78|0x0000000084e00000, 0x0000000084f00000, 0x0000000084f00000|100%| O|  |TAMS 0x0000000084f00000, 0x0000000084e00000| Untracked 
|  79|0x0000000084f00000, 0x0000000085000000, 0x0000000085000000|100%| O|  |TAMS 0x0000000085000000, 0x0000000084f00000| Untracked 
|  80|0x0000000085000000, 0x0000000085100000, 0x0000000085100000|100%| O|  |TAMS 0x0000000085100000, 0x0000000085000000| Untracked 
|  81|0x0000000085100000, 0x0000000085200000, 0x0000000085200000|100%| O|  |TAMS 0x0000000085200000, 0x0000000085100000| Untracked 
|  82|0x0000000085200000, 0x0000000085300000, 0x0000000085300000|100%| O|  |TAMS 0x0000000085300000, 0x0000000085200000| Untracked 
|  83|0x0000000085300000, 0x0000000085400000, 0x0000000085400000|100%| O|  |TAMS 0x0000000085400000, 0x0000000085300000| Untracked 
|  84|0x0000000085400000, 0x0000000085500000, 0x0000000085500000|100%| O|  |TAMS 0x0000000085500000, 0x0000000085400000| Untracked 
|  85|0x0000000085500000, 0x0000000085600000, 0x0000000085600000|100%| O|  |TAMS 0x0000000085600000, 0x0000000085500000| Untracked 
|  86|0x0000000085600000, 0x0000000085700000, 0x0000000085700000|100%| O|  |TAMS 0x0000000085600000, 0x0000000085600000| Untracked 
|  87|0x0000000085700000, 0x0000000085800000, 0x0000000085800000|100%| O|  |TAMS 0x0000000085800000, 0x0000000085700000| Untracked 
|  88|0x0000000085800000, 0x0000000085900000, 0x0000000085900000|100%| O|  |TAMS 0x0000000085800000, 0x0000000085800000| Untracked 
|  89|0x0000000085900000, 0x0000000085a00000, 0x0000000085a00000|100%| O|  |TAMS 0x0000000085a00000, 0x0000000085900000| Untracked 
|  90|0x0000000085a00000, 0x0000000085b00000, 0x0000000085b00000|100%| O|  |TAMS 0x0000000085b00000, 0x0000000085a00000| Untracked 
|  91|0x0000000085b00000, 0x0000000085c00000, 0x0000000085c00000|100%| O|  |TAMS 0x0000000085b00000, 0x0000000085b00000| Untracked 
|  92|0x0000000085c00000, 0x0000000085d00000, 0x0000000085d00000|100%| O|  |TAMS 0x0000000085c00000, 0x0000000085c00000| Untracked 
|  93|0x0000000085d00000, 0x0000000085e00000, 0x0000000085e00000|100%| O|  |TAMS 0x0000000085d00000, 0x0000000085d00000| Untracked 
|  94|0x0000000085e00000, 0x0000000085f00000, 0x0000000085f00000|100%| O|  |TAMS 0x0000000085e00000, 0x0000000085e00000| Untracked 
|  95|0x0000000085f00000, 0x0000000086000000, 0x0000000086000000|100%| O|  |TAMS 0x0000000085f00000, 0x0000000085f00000| Untracked 
|  96|0x0000000086000000, 0x0000000086100000, 0x0000000086100000|100%| O|  |TAMS 0x0000000086000000, 0x0000000086000000| Untracked 
|  97|0x0000000086100000, 0x0000000086200000, 0x0000000086200000|100%| O|  |TAMS 0x0000000086100000, 0x0000000086100000| Untracked 
|  98|0x0000000086200000, 0x0000000086300000, 0x0000000086300000|100%| O|  |TAMS 0x0000000086300000, 0x0000000086200000| Untracked 
|  99|0x0000000086300000, 0x0000000086400000, 0x0000000086400000|100%| O|  |TAMS 0x0000000086400000, 0x0000000086300000| Untracked 
| 100|0x0000000086400000, 0x0000000086500000, 0x0000000086500000|100%| O|  |TAMS 0x0000000086500000, 0x0000000086400000| Untracked 
| 101|0x0000000086500000, 0x0000000086600000, 0x0000000086600000|100%| O|  |TAMS 0x0000000086500000, 0x0000000086500000| Untracked 
| 102|0x0000000086600000, 0x0000000086700000, 0x0000000086700000|100%| O|  |TAMS 0x0000000086600000, 0x0000000086600000| Untracked 
| 103|0x0000000086700000, 0x0000000086800000, 0x0000000086800000|100%| O|  |TAMS 0x0000000086700000, 0x0000000086700000| Untracked 
| 104|0x0000000086800000, 0x0000000086900000, 0x0000000086900000|100%| O|  |TAMS 0x0000000086800000, 0x0000000086800000| Untracked 
| 105|0x0000000086900000, 0x0000000086a00000, 0x0000000086a00000|100%| O|  |TAMS 0x0000000086a00000, 0x0000000086900000| Untracked 
| 106|0x0000000086a00000, 0x0000000086b00000, 0x0000000086b00000|100%| O|  |TAMS 0x0000000086b00000, 0x0000000086a00000| Untracked 
| 107|0x0000000086b00000, 0x0000000086c00000, 0x0000000086c00000|100%| O|  |TAMS 0x0000000086c00000, 0x0000000086b00000| Untracked 
| 108|0x0000000086c00000, 0x0000000086d00000, 0x0000000086d00000|100%| O|  |TAMS 0x0000000086d00000, 0x0000000086c00000| Untracked 
| 109|0x0000000086d00000, 0x0000000086e00000, 0x0000000086e00000|100%| O|  |TAMS 0x0000000086e00000, 0x0000000086d00000| Untracked 
| 110|0x0000000086e00000, 0x0000000086f00000, 0x0000000086f00000|100%| O|  |TAMS 0x0000000086f00000, 0x0000000086e00000| Untracked 
| 111|0x0000000086f00000, 0x0000000087000000, 0x0000000087000000|100%| O|  |TAMS 0x0000000087000000, 0x0000000086f00000| Untracked 
| 112|0x0000000087000000, 0x0000000087100000, 0x0000000087100000|100%| O|  |TAMS 0x0000000087100000, 0x0000000087000000| Untracked 
| 113|0x0000000087100000, 0x0000000087200000, 0x0000000087200000|100%| O|  |TAMS 0x0000000087200000, 0x0000000087100000| Untracked 
| 114|0x0000000087200000, 0x0000000087300000, 0x0000000087300000|100%| O|  |TAMS 0x0000000087300000, 0x0000000087200000| Untracked 
| 115|0x0000000087300000, 0x0000000087400000, 0x0000000087400000|100%| O|  |TAMS 0x0000000087400000, 0x0000000087300000| Untracked 
| 116|0x0000000087400000, 0x0000000087500000, 0x0000000087500000|100%| O|  |TAMS 0x0000000087500000, 0x0000000087400000| Untracked 
| 117|0x0000000087500000, 0x0000000087600000, 0x0000000087600000|100%| O|  |TAMS 0x0000000087600000, 0x0000000087500000| Untracked 
| 118|0x0000000087600000, 0x0000000087700000, 0x0000000087700000|100%| O|  |TAMS 0x0000000087700000, 0x0000000087600000| Untracked 
| 119|0x0000000087700000, 0x0000000087800000, 0x0000000087800000|100%| O|  |TAMS 0x0000000087800000, 0x0000000087700000| Untracked 
| 120|0x0000000087800000, 0x0000000087900000, 0x0000000087900000|100%| O|  |TAMS 0x0000000087900000, 0x0000000087800000| Untracked 
| 121|0x0000000087900000, 0x0000000087a00000, 0x0000000087a00000|100%| O|  |TAMS 0x0000000087a00000, 0x0000000087900000| Untracked 
| 122|0x0000000087a00000, 0x0000000087b00000, 0x0000000087b00000|100%| O|  |TAMS 0x0000000087b00000, 0x0000000087a00000| Untracked 
| 123|0x0000000087b00000, 0x0000000087c00000, 0x0000000087c00000|100%| O|  |TAMS 0x0000000087c00000, 0x0000000087b00000| Untracked 
| 124|0x0000000087c00000, 0x0000000087d00000, 0x0000000087d00000|100%| O|  |TAMS 0x0000000087d00000, 0x0000000087c00000| Untracked 
| 125|0x0000000087d00000, 0x0000000087e00000, 0x0000000087e00000|100%| O|  |TAMS 0x0000000087e00000, 0x0000000087d00000| Untracked 
| 126|0x0000000087e00000, 0x0000000087f00000, 0x0000000087f00000|100%| O|  |TAMS 0x0000000087f00000, 0x0000000087e00000| Untracked 
| 127|0x0000000087f00000, 0x0000000088000000, 0x0000000088000000|100%| O|  |TAMS 0x0000000088000000, 0x0000000087f00000| Untracked 
| 128|0x0000000088000000, 0x0000000088100000, 0x0000000088100000|100%| O|  |TAMS 0x0000000088100000, 0x0000000088000000| Untracked 
| 129|0x0000000088100000, 0x0000000088200000, 0x0000000088200000|100%| O|  |TAMS 0x0000000088200000, 0x0000000088100000| Untracked 
| 130|0x0000000088200000, 0x0000000088300000, 0x0000000088300000|100%| O|  |TAMS 0x0000000088300000, 0x0000000088200000| Untracked 
| 131|0x0000000088300000, 0x0000000088400000, 0x0000000088400000|100%| O|  |TAMS 0x0000000088400000, 0x0000000088300000| Untracked 
| 132|0x0000000088400000, 0x0000000088500000, 0x0000000088500000|100%| O|  |TAMS 0x0000000088500000, 0x0000000088400000| Untracked 
| 133|0x0000000088500000, 0x0000000088600000, 0x0000000088600000|100%| O|  |TAMS 0x0000000088600000, 0x0000000088500000| Untracked 
| 134|0x0000000088600000, 0x0000000088700000, 0x0000000088700000|100%| O|  |TAMS 0x0000000088700000, 0x0000000088600000| Untracked 
| 135|0x0000000088700000, 0x0000000088800000, 0x0000000088800000|100%| O|  |TAMS 0x0000000088800000, 0x0000000088700000| Untracked 
| 136|0x0000000088800000, 0x0000000088900000, 0x0000000088900000|100%| O|  |TAMS 0x0000000088900000, 0x0000000088800000| Untracked 
| 137|0x0000000088900000, 0x0000000088a00000, 0x0000000088a00000|100%| O|  |TAMS 0x0000000088a00000, 0x0000000088900000| Untracked 
| 138|0x0000000088a00000, 0x0000000088b00000, 0x0000000088b00000|100%| O|  |TAMS 0x0000000088b00000, 0x0000000088a00000| Untracked 
| 139|0x0000000088b00000, 0x0000000088c00000, 0x0000000088c00000|100%| O|  |TAMS 0x0000000088c00000, 0x0000000088b00000| Untracked 
| 140|0x0000000088c00000, 0x0000000088d00000, 0x0000000088d00000|100%| O|  |TAMS 0x0000000088d00000, 0x0000000088c00000| Untracked 
| 141|0x0000000088d00000, 0x0000000088e00000, 0x0000000088e00000|100%| O|  |TAMS 0x0000000088e00000, 0x0000000088d00000| Untracked 
| 142|0x0000000088e00000, 0x0000000088f00000, 0x0000000088f00000|100%| O|  |TAMS 0x0000000088f00000, 0x0000000088e00000| Untracked 
| 143|0x0000000088f00000, 0x0000000089000000, 0x0000000089000000|100%| O|  |TAMS 0x0000000089000000, 0x0000000088f00000| Untracked 
| 144|0x0000000089000000, 0x0000000089100000, 0x0000000089100000|100%| O|  |TAMS 0x0000000089100000, 0x0000000089000000| Untracked 
| 145|0x0000000089100000, 0x0000000089200000, 0x0000000089200000|100%| O|  |TAMS 0x0000000089200000, 0x0000000089100000| Untracked 
| 146|0x0000000089200000, 0x0000000089300000, 0x0000000089300000|100%| O|  |TAMS 0x0000000089300000, 0x0000000089200000| Untracked 
| 147|0x0000000089300000, 0x0000000089400000, 0x0000000089400000|100%| O|  |TAMS 0x0000000089300000, 0x0000000089300000| Untracked 
| 148|0x0000000089400000, 0x0000000089500000, 0x0000000089500000|100%| O|  |TAMS 0x0000000089400000, 0x0000000089400000| Untracked 
| 149|0x0000000089500000, 0x0000000089600000, 0x0000000089600000|100%| O|  |TAMS 0x0000000089500000, 0x0000000089500000| Untracked 
| 150|0x0000000089600000, 0x0000000089700000, 0x0000000089700000|100%| O|  |TAMS 0x0000000089600000, 0x0000000089600000| Untracked 
| 151|0x0000000089700000, 0x0000000089800000, 0x0000000089800000|100%| O|  |TAMS 0x0000000089700000, 0x0000000089700000| Untracked 
| 152|0x0000000089800000, 0x0000000089900000, 0x0000000089900000|100%| O|  |TAMS 0x0000000089800000, 0x0000000089800000| Untracked 
| 153|0x0000000089900000, 0x0000000089a00000, 0x0000000089a00000|100%| O|  |TAMS 0x0000000089900000, 0x0000000089900000| Untracked 
| 154|0x0000000089a00000, 0x0000000089b00000, 0x0000000089b00000|100%| O|  |TAMS 0x0000000089a00000, 0x0000000089a00000| Untracked 
| 155|0x0000000089b00000, 0x0000000089c00000, 0x0000000089c00000|100%| O|  |TAMS 0x0000000089b00000, 0x0000000089b00000| Untracked 
| 156|0x0000000089c00000, 0x0000000089d00000, 0x0000000089d00000|100%| O|  |TAMS 0x0000000089c00000, 0x0000000089c00000| Untracked 
| 157|0x0000000089d00000, 0x0000000089e00000, 0x0000000089e00000|100%| O|  |TAMS 0x0000000089d00000, 0x0000000089d00000| Untracked 
| 158|0x0000000089e00000, 0x0000000089f00000, 0x0000000089f00000|100%| O|  |TAMS 0x0000000089e00000, 0x0000000089e00000| Untracked 
| 159|0x0000000089f00000, 0x000000008a000000, 0x000000008a000000|100%| O|  |TAMS 0x0000000089f00000, 0x0000000089f00000| Untracked 
| 160|0x000000008a000000, 0x000000008a100000, 0x000000008a100000|100%| O|  |TAMS 0x000000008a000000, 0x000000008a000000| Untracked 
| 161|0x000000008a100000, 0x000000008a200000, 0x000000008a200000|100%| O|  |TAMS 0x000000008a100000, 0x000000008a100000| Untracked 
| 162|0x000000008a200000, 0x000000008a300000, 0x000000008a300000|100%| O|  |TAMS 0x000000008a200000, 0x000000008a200000| Untracked 
| 163|0x000000008a300000, 0x000000008a400000, 0x000000008a400000|100%| O|  |TAMS 0x000000008a300000, 0x000000008a300000| Untracked 
| 164|0x000000008a400000, 0x000000008a500000, 0x000000008a500000|100%| O|  |TAMS 0x000000008a400000, 0x000000008a400000| Untracked 
| 165|0x000000008a500000, 0x000000008a600000, 0x000000008a600000|100%| O|  |TAMS 0x000000008a500000, 0x000000008a500000| Untracked 
| 166|0x000000008a600000, 0x000000008a700000, 0x000000008a700000|100%| O|  |TAMS 0x000000008a600000, 0x000000008a600000| Untracked 
| 167|0x000000008a700000, 0x000000008a800000, 0x000000008a800000|100%| O|  |TAMS 0x000000008a700000, 0x000000008a700000| Untracked 
| 168|0x000000008a800000, 0x000000008a900000, 0x000000008a900000|100%| O|  |TAMS 0x000000008a800000, 0x000000008a800000| Untracked 
| 169|0x000000008a900000, 0x000000008aa00000, 0x000000008aa00000|100%| O|  |TAMS 0x000000008a900000, 0x000000008a900000| Untracked 
| 170|0x000000008aa00000, 0x000000008aad0200, 0x000000008ab00000| 81%| O|  |TAMS 0x000000008aa00000, 0x000000008aa00000| Untracked 
| 171|0x000000008ab00000, 0x000000008ab00000, 0x000000008ac00000|  0%| F|  |TAMS 0x000000008ab00000, 0x000000008ab00000| Untracked 
| 172|0x000000008ac00000, 0x000000008ac00000, 0x000000008ad00000|  0%| F|  |TAMS 0x000000008ac00000, 0x000000008ac00000| Untracked 
| 173|0x000000008ad00000, 0x000000008ad00000, 0x000000008ae00000|  0%| F|  |TAMS 0x000000008ad00000, 0x000000008ad00000| Untracked 
| 174|0x000000008ae00000, 0x000000008ae00000, 0x000000008af00000|  0%| F|  |TAMS 0x000000008ae00000, 0x000000008ae00000| Untracked 
| 175|0x000000008af00000, 0x000000008af00000, 0x000000008b000000|  0%| F|  |TAMS 0x000000008af00000, 0x000000008af00000| Untracked 
| 176|0x000000008b000000, 0x000000008b000000, 0x000000008b100000|  0%| F|  |TAMS 0x000000008b000000, 0x000000008b000000| Untracked 
| 177|0x000000008b100000, 0x000000008b100000, 0x000000008b200000|  0%| F|  |TAMS 0x000000008b100000, 0x000000008b100000| Untracked 
| 178|0x000000008b200000, 0x000000008b200000, 0x000000008b300000|  0%| F|  |TAMS 0x000000008b200000, 0x000000008b200000| Untracked 
| 179|0x000000008b300000, 0x000000008b300000, 0x000000008b400000|  0%| F|  |TAMS 0x000000008b300000, 0x000000008b300000| Untracked 
| 180|0x000000008b400000, 0x000000008b400000, 0x000000008b500000|  0%| F|  |TAMS 0x000000008b400000, 0x000000008b400000| Untracked 
| 181|0x000000008b500000, 0x000000008b500000, 0x000000008b600000|  0%| F|  |TAMS 0x000000008b500000, 0x000000008b500000| Untracked 
| 182|0x000000008b600000, 0x000000008b600000, 0x000000008b700000|  0%| F|  |TAMS 0x000000008b600000, 0x000000008b600000| Untracked 
| 183|0x000000008b700000, 0x000000008b700000, 0x000000008b800000|  0%| F|  |TAMS 0x000000008b700000, 0x000000008b700000| Untracked 
| 184|0x000000008b800000, 0x000000008b800000, 0x000000008b900000|  0%| F|  |TAMS 0x000000008b800000, 0x000000008b800000| Untracked 
| 185|0x000000008b900000, 0x000000008b900000, 0x000000008ba00000|  0%| F|  |TAMS 0x000000008b900000, 0x000000008b900000| Untracked 
| 186|0x000000008ba00000, 0x000000008ba00000, 0x000000008bb00000|  0%| F|  |TAMS 0x000000008ba00000, 0x000000008ba00000| Untracked 
| 187|0x000000008bb00000, 0x000000008bb00000, 0x000000008bc00000|  0%| F|  |TAMS 0x000000008bb00000, 0x000000008bb00000| Untracked 
| 188|0x000000008bc00000, 0x000000008bc00000, 0x000000008bd00000|  0%| F|  |TAMS 0x000000008bc00000, 0x000000008bc00000| Untracked 
| 189|0x000000008bd00000, 0x000000008bd00000, 0x000000008be00000|  0%| F|  |TAMS 0x000000008bd00000, 0x000000008bd00000| Untracked 
| 190|0x000000008be00000, 0x000000008be00000, 0x000000008bf00000|  0%| F|  |TAMS 0x000000008be00000, 0x000000008be00000| Untracked 
| 191|0x000000008bf00000, 0x000000008bf00000, 0x000000008c000000|  0%| F|  |TAMS 0x000000008bf00000, 0x000000008bf00000| Untracked 
| 192|0x000000008c000000, 0x000000008c000000, 0x000000008c100000|  0%| F|  |TAMS 0x000000008c000000, 0x000000008c000000| Untracked 
| 193|0x000000008c100000, 0x000000008c100000, 0x000000008c200000|  0%| F|  |TAMS 0x000000008c100000, 0x000000008c100000| Untracked 
| 194|0x000000008c200000, 0x000000008c200000, 0x000000008c300000|  0%| F|  |TAMS 0x000000008c200000, 0x000000008c200000| Untracked 
| 195|0x000000008c300000, 0x000000008c300000, 0x000000008c400000|  0%| F|  |TAMS 0x000000008c300000, 0x000000008c300000| Untracked 
| 196|0x000000008c400000, 0x000000008c400000, 0x000000008c500000|  0%| F|  |TAMS 0x000000008c400000, 0x000000008c400000| Untracked 
| 197|0x000000008c500000, 0x000000008c500000, 0x000000008c600000|  0%| F|  |TAMS 0x000000008c500000, 0x000000008c500000| Untracked 
| 198|0x000000008c600000, 0x000000008c600000, 0x000000008c700000|  0%| F|  |TAMS 0x000000008c600000, 0x000000008c600000| Untracked 
| 199|0x000000008c700000, 0x000000008c700000, 0x000000008c800000|  0%| F|  |TAMS 0x000000008c700000, 0x000000008c700000| Untracked 
| 200|0x000000008c800000, 0x000000008c800000, 0x000000008c900000|  0%| F|  |TAMS 0x000000008c800000, 0x000000008c800000| Untracked 
| 201|0x000000008c900000, 0x000000008c900000, 0x000000008ca00000|  0%| F|  |TAMS 0x000000008c900000, 0x000000008c900000| Untracked 
| 202|0x000000008ca00000, 0x000000008ca00000, 0x000000008cb00000|  0%| F|  |TAMS 0x000000008ca00000, 0x000000008ca00000| Untracked 
| 203|0x000000008cb00000, 0x000000008cb00000, 0x000000008cc00000|  0%| F|  |TAMS 0x000000008cb00000, 0x000000008cb00000| Untracked 
| 204|0x000000008cc00000, 0x000000008cc00000, 0x000000008cd00000|  0%| F|  |TAMS 0x000000008cc00000, 0x000000008cc00000| Untracked 
| 205|0x000000008cd00000, 0x000000008cd00000, 0x000000008ce00000|  0%| F|  |TAMS 0x000000008cd00000, 0x000000008cd00000| Untracked 
| 206|0x000000008ce00000, 0x000000008ce00000, 0x000000008cf00000|  0%| F|  |TAMS 0x000000008ce00000, 0x000000008ce00000| Untracked 
| 207|0x000000008cf00000, 0x000000008cf00000, 0x000000008d000000|  0%| F|  |TAMS 0x000000008cf00000, 0x000000008cf00000| Untracked 
| 208|0x000000008d000000, 0x000000008d000000, 0x000000008d100000|  0%| F|  |TAMS 0x000000008d000000, 0x000000008d000000| Untracked 
| 209|0x000000008d100000, 0x000000008d100000, 0x000000008d200000|  0%| F|  |TAMS 0x000000008d100000, 0x000000008d100000| Untracked 
| 210|0x000000008d200000, 0x000000008d200000, 0x000000008d300000|  0%| F|  |TAMS 0x000000008d200000, 0x000000008d200000| Untracked 
| 211|0x000000008d300000, 0x000000008d300000, 0x000000008d400000|  0%| F|  |TAMS 0x000000008d300000, 0x000000008d300000| Untracked 
| 212|0x000000008d400000, 0x000000008d400000, 0x000000008d500000|  0%| F|  |TAMS 0x000000008d400000, 0x000000008d400000| Untracked 
| 213|0x000000008d500000, 0x000000008d600000, 0x000000008d600000|100%| S|CS|TAMS 0x000000008d500000, 0x000000008d500000| Complete 
| 214|0x000000008d600000, 0x000000008d700000, 0x000000008d700000|100%| S|CS|TAMS 0x000000008d600000, 0x000000008d600000| Complete 
| 215|0x000000008d700000, 0x000000008d800000, 0x000000008d800000|100%| S|CS|TAMS 0x000000008d700000, 0x000000008d700000| Complete 
| 216|0x000000008d800000, 0x000000008d800000, 0x000000008d900000|  0%| F|  |TAMS 0x000000008d800000, 0x000000008d800000| Untracked 
| 217|0x000000008d900000, 0x000000008d900000, 0x000000008da00000|  0%| F|  |TAMS 0x000000008d900000, 0x000000008d900000| Untracked 
| 218|0x000000008da00000, 0x000000008da00000, 0x000000008db00000|  0%| F|  |TAMS 0x000000008da00000, 0x000000008da00000| Untracked 
| 219|0x000000008db00000, 0x000000008db00000, 0x000000008dc00000|  0%| F|  |TAMS 0x000000008db00000, 0x000000008db00000| Untracked 
| 220|0x000000008dc00000, 0x000000008dc00000, 0x000000008dd00000|  0%| F|  |TAMS 0x000000008dc00000, 0x000000008dc00000| Untracked 
| 221|0x000000008dd00000, 0x000000008dd00000, 0x000000008de00000|  0%| F|  |TAMS 0x000000008dd00000, 0x000000008dd00000| Untracked 
| 222|0x000000008de00000, 0x000000008de00000, 0x000000008df00000|  0%| F|  |TAMS 0x000000008de00000, 0x000000008de00000| Untracked 
| 223|0x000000008df00000, 0x000000008df00000, 0x000000008e000000|  0%| F|  |TAMS 0x000000008df00000, 0x000000008df00000| Untracked 
| 224|0x000000008e000000, 0x000000008e000000, 0x000000008e100000|  0%| F|  |TAMS 0x000000008e000000, 0x000000008e000000| Untracked 
| 225|0x000000008e100000, 0x000000008e100000, 0x000000008e200000|  0%| F|  |TAMS 0x000000008e100000, 0x000000008e100000| Untracked 
| 226|0x000000008e200000, 0x000000008e200000, 0x000000008e300000|  0%| F|  |TAMS 0x000000008e200000, 0x000000008e200000| Untracked 
| 227|0x000000008e300000, 0x000000008e300000, 0x000000008e400000|  0%| F|  |TAMS 0x000000008e300000, 0x000000008e300000| Untracked 
| 228|0x000000008e400000, 0x000000008e400000, 0x000000008e500000|  0%| F|  |TAMS 0x000000008e400000, 0x000000008e400000| Untracked 
| 229|0x000000008e500000, 0x000000008e600000, 0x000000008e600000|100%| S|CS|TAMS 0x000000008e500000, 0x000000008e500000| Complete 
| 230|0x000000008e600000, 0x000000008e700000, 0x000000008e700000|100%| S|CS|TAMS 0x000000008e600000, 0x000000008e600000| Complete 
| 231|0x000000008e700000, 0x000000008e700000, 0x000000008e800000|  0%| F|  |TAMS 0x000000008e700000, 0x000000008e700000| Untracked 
| 232|0x000000008e800000, 0x000000008e900000, 0x000000008e900000|100%| S|CS|TAMS 0x000000008e800000, 0x000000008e800000| Complete 
| 233|0x000000008e900000, 0x000000008ea00000, 0x000000008ea00000|100%| S|CS|TAMS 0x000000008e900000, 0x000000008e900000| Complete 
| 234|0x000000008ea00000, 0x000000008eb00000, 0x000000008eb00000|100%| S|CS|TAMS 0x000000008ea00000, 0x000000008ea00000| Complete 
| 235|0x000000008eb00000, 0x000000008ec00000, 0x000000008ec00000|100%| S|CS|TAMS 0x000000008eb00000, 0x000000008eb00000| Complete 
| 236|0x000000008ec00000, 0x000000008ec00000, 0x000000008ed00000|  0%| F|  |TAMS 0x000000008ec00000, 0x000000008ec00000| Untracked 
| 237|0x000000008ed00000, 0x000000008ee00000, 0x000000008ee00000|100%| S|CS|TAMS 0x000000008ed00000, 0x000000008ed00000| Complete 
| 238|0x000000008ee00000, 0x000000008ef00000, 0x000000008ef00000|100%| S|CS|TAMS 0x000000008ee00000, 0x000000008ee00000| Complete 
| 239|0x000000008ef00000, 0x000000008f000000, 0x000000008f000000|100%| S|CS|TAMS 0x000000008ef00000, 0x000000008ef00000| Complete 
| 240|0x000000008f000000, 0x000000008f000000, 0x000000008f100000|  0%| F|  |TAMS 0x000000008f000000, 0x000000008f000000| Untracked 
| 241|0x000000008f100000, 0x000000008f100000, 0x000000008f200000|  0%| F|  |TAMS 0x000000008f100000, 0x000000008f100000| Untracked 
| 242|0x000000008f200000, 0x000000008f200000, 0x000000008f300000|  0%| F|  |TAMS 0x000000008f200000, 0x000000008f200000| Untracked 
| 243|0x000000008f300000, 0x000000008f300000, 0x000000008f400000|  0%| F|  |TAMS 0x000000008f300000, 0x000000008f300000| Untracked 
| 244|0x000000008f400000, 0x000000008f400000, 0x000000008f500000|  0%| F|  |TAMS 0x000000008f400000, 0x000000008f400000| Untracked 
| 245|0x000000008f500000, 0x000000008f500000, 0x000000008f600000|  0%| F|  |TAMS 0x000000008f500000, 0x000000008f500000| Untracked 
| 246|0x000000008f600000, 0x000000008f600000, 0x000000008f700000|  0%| F|  |TAMS 0x000000008f600000, 0x000000008f600000| Untracked 
| 247|0x000000008f700000, 0x000000008f700000, 0x000000008f800000|  0%| F|  |TAMS 0x000000008f700000, 0x000000008f700000| Untracked 
| 248|0x000000008f800000, 0x000000008f800000, 0x000000008f900000|  0%| F|  |TAMS 0x000000008f800000, 0x000000008f800000| Untracked 
| 249|0x000000008f900000, 0x000000008f900000, 0x000000008fa00000|  0%| F|  |TAMS 0x000000008f900000, 0x000000008f900000| Untracked 
| 250|0x000000008fa00000, 0x000000008fa00000, 0x000000008fb00000|  0%| F|  |TAMS 0x000000008fa00000, 0x000000008fa00000| Untracked 
| 251|0x000000008fb00000, 0x000000008fb00000, 0x000000008fc00000|  0%| F|  |TAMS 0x000000008fb00000, 0x000000008fb00000| Untracked 
| 252|0x000000008fc00000, 0x000000008fc00000, 0x000000008fd00000|  0%| F|  |TAMS 0x000000008fc00000, 0x000000008fc00000| Untracked 
| 253|0x000000008fd00000, 0x000000008fd00000, 0x000000008fe00000|  0%| F|  |TAMS 0x000000008fd00000, 0x000000008fd00000| Untracked 
| 254|0x000000008fe00000, 0x000000008fe00000, 0x000000008ff00000|  0%| F|  |TAMS 0x000000008fe00000, 0x000000008fe00000| Untracked 
| 255|0x000000008ff00000, 0x000000008ff00000, 0x0000000090000000|  0%| F|  |TAMS 0x000000008ff00000, 0x000000008ff00000| Untracked 
| 256|0x0000000090000000, 0x0000000090000000, 0x0000000090100000|  0%| F|  |TAMS 0x0000000090000000, 0x0000000090000000| Untracked 
| 257|0x0000000090100000, 0x0000000090100000, 0x0000000090200000|  0%| F|  |TAMS 0x0000000090100000, 0x0000000090100000| Untracked 
| 258|0x0000000090200000, 0x0000000090200000, 0x0000000090300000|  0%| F|  |TAMS 0x0000000090200000, 0x0000000090200000| Untracked 
| 259|0x0000000090300000, 0x0000000090300000, 0x0000000090400000|  0%| F|  |TAMS 0x0000000090300000, 0x0000000090300000| Untracked 
| 260|0x0000000090400000, 0x0000000090400000, 0x0000000090500000|  0%| F|  |TAMS 0x0000000090400000, 0x0000000090400000| Untracked 
| 261|0x0000000090500000, 0x0000000090500000, 0x0000000090600000|  0%| F|  |TAMS 0x0000000090500000, 0x0000000090500000| Untracked 
| 262|0x0000000090600000, 0x0000000090600000, 0x0000000090700000|  0%| F|  |TAMS 0x0000000090600000, 0x0000000090600000| Untracked 
| 263|0x0000000090700000, 0x0000000090700000, 0x0000000090800000|  0%| F|  |TAMS 0x0000000090700000, 0x0000000090700000| Untracked 
| 264|0x0000000090800000, 0x0000000090800000, 0x0000000090900000|  0%| F|  |TAMS 0x0000000090800000, 0x0000000090800000| Untracked 
| 265|0x0000000090900000, 0x0000000090900000, 0x0000000090a00000|  0%| F|  |TAMS 0x0000000090900000, 0x0000000090900000| Untracked 
| 266|0x0000000090a00000, 0x0000000090a00000, 0x0000000090b00000|  0%| F|  |TAMS 0x0000000090a00000, 0x0000000090a00000| Untracked 
| 267|0x0000000090b00000, 0x0000000090b00000, 0x0000000090c00000|  0%| F|  |TAMS 0x0000000090b00000, 0x0000000090b00000| Untracked 
| 268|0x0000000090c00000, 0x0000000090c00000, 0x0000000090d00000|  0%| F|  |TAMS 0x0000000090c00000, 0x0000000090c00000| Untracked 
| 269|0x0000000090d00000, 0x0000000090d00000, 0x0000000090e00000|  0%| F|  |TAMS 0x0000000090d00000, 0x0000000090d00000| Untracked 
| 270|0x0000000090e00000, 0x0000000090e00000, 0x0000000090f00000|  0%| F|  |TAMS 0x0000000090e00000, 0x0000000090e00000| Untracked 
| 271|0x0000000090f00000, 0x0000000090f00000, 0x0000000091000000|  0%| F|  |TAMS 0x0000000090f00000, 0x0000000090f00000| Untracked 
| 272|0x0000000091000000, 0x0000000091080800, 0x0000000091100000| 50%| E|  |TAMS 0x0000000091000000, 0x0000000091000000| Complete 
| 273|0x0000000091100000, 0x0000000091200000, 0x0000000091200000|100%| E|CS|TAMS 0x0000000091100000, 0x0000000091100000| Complete 
| 274|0x0000000091200000, 0x0000000091300000, 0x0000000091300000|100%| E|CS|TAMS 0x0000000091200000, 0x0000000091200000| Complete 
| 275|0x0000000091300000, 0x0000000091400000, 0x0000000091400000|100%| E|CS|TAMS 0x0000000091300000, 0x0000000091300000| Complete 
| 276|0x0000000091400000, 0x0000000091500000, 0x0000000091500000|100%| E|CS|TAMS 0x0000000091400000, 0x0000000091400000| Complete 
| 277|0x0000000091500000, 0x0000000091600000, 0x0000000091600000|100%| E|CS|TAMS 0x0000000091500000, 0x0000000091500000| Complete 
| 278|0x0000000091600000, 0x0000000091700000, 0x0000000091700000|100%| E|CS|TAMS 0x0000000091600000, 0x0000000091600000| Complete 
| 279|0x0000000091700000, 0x0000000091800000, 0x0000000091800000|100%| E|CS|TAMS 0x0000000091700000, 0x0000000091700000| Complete 
| 280|0x0000000091800000, 0x0000000091900000, 0x0000000091900000|100%| E|CS|TAMS 0x0000000091800000, 0x0000000091800000| Complete 
| 281|0x0000000091900000, 0x0000000091a00000, 0x0000000091a00000|100%| E|CS|TAMS 0x0000000091900000, 0x0000000091900000| Complete 
| 282|0x0000000091a00000, 0x0000000091b00000, 0x0000000091b00000|100%| E|CS|TAMS 0x0000000091a00000, 0x0000000091a00000| Complete 
| 283|0x0000000091b00000, 0x0000000091c00000, 0x0000000091c00000|100%| E|CS|TAMS 0x0000000091b00000, 0x0000000091b00000| Complete 
| 284|0x0000000091c00000, 0x0000000091d00000, 0x0000000091d00000|100%| E|CS|TAMS 0x0000000091c00000, 0x0000000091c00000| Complete 
| 285|0x0000000091d00000, 0x0000000091e00000, 0x0000000091e00000|100%| E|CS|TAMS 0x0000000091d00000, 0x0000000091d00000| Complete 
| 286|0x0000000091e00000, 0x0000000091f00000, 0x0000000091f00000|100%| E|CS|TAMS 0x0000000091e00000, 0x0000000091e00000| Complete 
| 287|0x0000000091f00000, 0x0000000092000000, 0x0000000092000000|100%| E|CS|TAMS 0x0000000091f00000, 0x0000000091f00000| Complete 
| 288|0x0000000092000000, 0x0000000092100000, 0x0000000092100000|100%| E|CS|TAMS 0x0000000092000000, 0x0000000092000000| Complete 
| 289|0x0000000092100000, 0x0000000092200000, 0x0000000092200000|100%| E|CS|TAMS 0x0000000092100000, 0x0000000092100000| Complete 
| 290|0x0000000092200000, 0x0000000092300000, 0x0000000092300000|100%| E|CS|TAMS 0x0000000092200000, 0x0000000092200000| Complete 
| 291|0x0000000092300000, 0x0000000092400000, 0x0000000092400000|100%| E|CS|TAMS 0x0000000092300000, 0x0000000092300000| Complete 
| 292|0x0000000092400000, 0x0000000092500000, 0x0000000092500000|100%| E|CS|TAMS 0x0000000092400000, 0x0000000092400000| Complete 
| 293|0x0000000092500000, 0x0000000092600000, 0x0000000092600000|100%| E|CS|TAMS 0x0000000092500000, 0x0000000092500000| Complete 
| 294|0x0000000092600000, 0x0000000092700000, 0x0000000092700000|100%| E|CS|TAMS 0x0000000092600000, 0x0000000092600000| Complete 
| 295|0x0000000092700000, 0x0000000092800000, 0x0000000092800000|100%| E|CS|TAMS 0x0000000092700000, 0x0000000092700000| Complete 
| 296|0x0000000092800000, 0x0000000092900000, 0x0000000092900000|100%| E|CS|TAMS 0x0000000092800000, 0x0000000092800000| Complete 
| 297|0x0000000092900000, 0x0000000092a00000, 0x0000000092a00000|100%| E|CS|TAMS 0x0000000092900000, 0x0000000092900000| Complete 
| 298|0x0000000092a00000, 0x0000000092b00000, 0x0000000092b00000|100%| E|CS|TAMS 0x0000000092a00000, 0x0000000092a00000| Complete 
| 299|0x0000000092b00000, 0x0000000092c00000, 0x0000000092c00000|100%| E|CS|TAMS 0x0000000092b00000, 0x0000000092b00000| Complete 
| 300|0x0000000092c00000, 0x0000000092d00000, 0x0000000092d00000|100%| E|CS|TAMS 0x0000000092c00000, 0x0000000092c00000| Complete 
| 301|0x0000000092d00000, 0x0000000092e00000, 0x0000000092e00000|100%| E|CS|TAMS 0x0000000092d00000, 0x0000000092d00000| Complete 
| 302|0x0000000092e00000, 0x0000000092f00000, 0x0000000092f00000|100%| E|CS|TAMS 0x0000000092e00000, 0x0000000092e00000| Complete 
| 303|0x0000000092f00000, 0x0000000093000000, 0x0000000093000000|100%| E|CS|TAMS 0x0000000092f00000, 0x0000000092f00000| Complete 
| 304|0x0000000093000000, 0x0000000093100000, 0x0000000093100000|100%| E|CS|TAMS 0x0000000093000000, 0x0000000093000000| Complete 
| 305|0x0000000093100000, 0x0000000093200000, 0x0000000093200000|100%| E|CS|TAMS 0x0000000093100000, 0x0000000093100000| Complete 
| 306|0x0000000093200000, 0x0000000093300000, 0x0000000093300000|100%| E|CS|TAMS 0x0000000093200000, 0x0000000093200000| Complete 
| 307|0x0000000093300000, 0x0000000093400000, 0x0000000093400000|100%| E|CS|TAMS 0x0000000093300000, 0x0000000093300000| Complete 
| 308|0x0000000093400000, 0x0000000093500000, 0x0000000093500000|100%| E|CS|TAMS 0x0000000093400000, 0x0000000093400000| Complete 
| 309|0x0000000093500000, 0x0000000093600000, 0x0000000093600000|100%| E|CS|TAMS 0x0000000093500000, 0x0000000093500000| Complete 
| 310|0x0000000093600000, 0x0000000093700000, 0x0000000093700000|100%| E|CS|TAMS 0x0000000093600000, 0x0000000093600000| Complete 
| 311|0x0000000093700000, 0x0000000093800000, 0x0000000093800000|100%| E|CS|TAMS 0x0000000093700000, 0x0000000093700000| Complete 
| 312|0x0000000093800000, 0x0000000093900000, 0x0000000093900000|100%| E|CS|TAMS 0x0000000093800000, 0x0000000093800000| Complete 
| 313|0x0000000093900000, 0x0000000093a00000, 0x0000000093a00000|100%| E|CS|TAMS 0x0000000093900000, 0x0000000093900000| Complete 
| 314|0x0000000093a00000, 0x0000000093b00000, 0x0000000093b00000|100%| E|CS|TAMS 0x0000000093a00000, 0x0000000093a00000| Complete 
| 315|0x0000000093b00000, 0x0000000093c00000, 0x0000000093c00000|100%| E|CS|TAMS 0x0000000093b00000, 0x0000000093b00000| Complete 
| 316|0x0000000093c00000, 0x0000000093d00000, 0x0000000093d00000|100%| E|CS|TAMS 0x0000000093c00000, 0x0000000093c00000| Complete 
| 317|0x0000000093d00000, 0x0000000093e00000, 0x0000000093e00000|100%| E|CS|TAMS 0x0000000093d00000, 0x0000000093d00000| Complete 
| 318|0x0000000093e00000, 0x0000000093f00000, 0x0000000093f00000|100%| E|CS|TAMS 0x0000000093e00000, 0x0000000093e00000| Complete 
| 319|0x0000000093f00000, 0x0000000094000000, 0x0000000094000000|100%| E|CS|TAMS 0x0000000093f00000, 0x0000000093f00000| Complete 
| 320|0x0000000094000000, 0x0000000094100000, 0x0000000094100000|100%| E|CS|TAMS 0x0000000094000000, 0x0000000094000000| Complete 
| 321|0x0000000094100000, 0x0000000094200000, 0x0000000094200000|100%| E|CS|TAMS 0x0000000094100000, 0x0000000094100000| Complete 
| 322|0x0000000094200000, 0x0000000094300000, 0x0000000094300000|100%| E|CS|TAMS 0x0000000094200000, 0x0000000094200000| Complete 
| 323|0x0000000094300000, 0x0000000094400000, 0x0000000094400000|100%| E|CS|TAMS 0x0000000094300000, 0x0000000094300000| Complete 
| 324|0x0000000094400000, 0x0000000094500000, 0x0000000094500000|100%| E|CS|TAMS 0x0000000094400000, 0x0000000094400000| Complete 
| 325|0x0000000094500000, 0x0000000094600000, 0x0000000094600000|100%| E|CS|TAMS 0x0000000094500000, 0x0000000094500000| Complete 
| 326|0x0000000094600000, 0x0000000094700000, 0x0000000094700000|100%| E|CS|TAMS 0x0000000094600000, 0x0000000094600000| Complete 
| 327|0x0000000094700000, 0x0000000094800000, 0x0000000094800000|100%| E|CS|TAMS 0x0000000094700000, 0x0000000094700000| Complete 
| 328|0x0000000094800000, 0x0000000094900000, 0x0000000094900000|100%| E|CS|TAMS 0x0000000094800000, 0x0000000094800000| Complete 
| 329|0x0000000094900000, 0x0000000094a00000, 0x0000000094a00000|100%| E|CS|TAMS 0x0000000094900000, 0x0000000094900000| Complete 
| 330|0x0000000094a00000, 0x0000000094b00000, 0x0000000094b00000|100%| E|CS|TAMS 0x0000000094a00000, 0x0000000094a00000| Complete 
| 331|0x0000000094b00000, 0x0000000094c00000, 0x0000000094c00000|100%| E|CS|TAMS 0x0000000094b00000, 0x0000000094b00000| Complete 
| 332|0x0000000094c00000, 0x0000000094d00000, 0x0000000094d00000|100%| E|CS|TAMS 0x0000000094c00000, 0x0000000094c00000| Complete 
| 333|0x0000000094d00000, 0x0000000094e00000, 0x0000000094e00000|100%| E|CS|TAMS 0x0000000094d00000, 0x0000000094d00000| Complete 
| 334|0x0000000094e00000, 0x0000000094f00000, 0x0000000094f00000|100%| E|CS|TAMS 0x0000000094e00000, 0x0000000094e00000| Complete 
| 335|0x0000000094f00000, 0x0000000095000000, 0x0000000095000000|100%| E|CS|TAMS 0x0000000094f00000, 0x0000000094f00000| Complete 
| 336|0x0000000095000000, 0x0000000095100000, 0x0000000095100000|100%| E|CS|TAMS 0x0000000095000000, 0x0000000095000000| Complete 
| 337|0x0000000095100000, 0x0000000095200000, 0x0000000095200000|100%| E|CS|TAMS 0x0000000095100000, 0x0000000095100000| Complete 
| 338|0x0000000095200000, 0x0000000095300000, 0x0000000095300000|100%| E|CS|TAMS 0x0000000095200000, 0x0000000095200000| Complete 
| 339|0x0000000095300000, 0x0000000095400000, 0x0000000095400000|100%| E|CS|TAMS 0x0000000095300000, 0x0000000095300000| Complete 
| 340|0x0000000095400000, 0x0000000095500000, 0x0000000095500000|100%| E|CS|TAMS 0x0000000095400000, 0x0000000095400000| Complete 
| 341|0x0000000095500000, 0x0000000095600000, 0x0000000095600000|100%| E|CS|TAMS 0x0000000095500000, 0x0000000095500000| Complete 
| 342|0x0000000095600000, 0x0000000095700000, 0x0000000095700000|100%| E|CS|TAMS 0x0000000095600000, 0x0000000095600000| Complete 
| 343|0x0000000095700000, 0x0000000095800000, 0x0000000095800000|100%| E|CS|TAMS 0x0000000095700000, 0x0000000095700000| Complete 
| 344|0x0000000095800000, 0x0000000095900000, 0x0000000095900000|100%| E|CS|TAMS 0x0000000095800000, 0x0000000095800000| Complete 
| 345|0x0000000095900000, 0x0000000095a00000, 0x0000000095a00000|100%| E|CS|TAMS 0x0000000095900000, 0x0000000095900000| Complete 
| 346|0x0000000095a00000, 0x0000000095b00000, 0x0000000095b00000|100%| E|CS|TAMS 0x0000000095a00000, 0x0000000095a00000| Complete 
| 347|0x0000000095b00000, 0x0000000095c00000, 0x0000000095c00000|100%| E|CS|TAMS 0x0000000095b00000, 0x0000000095b00000| Complete 
| 348|0x0000000095c00000, 0x0000000095d00000, 0x0000000095d00000|100%| E|CS|TAMS 0x0000000095c00000, 0x0000000095c00000| Complete 
| 349|0x0000000095d00000, 0x0000000095e00000, 0x0000000095e00000|100%| E|CS|TAMS 0x0000000095d00000, 0x0000000095d00000| Complete 
| 350|0x0000000095e00000, 0x0000000095f00000, 0x0000000095f00000|100%| E|CS|TAMS 0x0000000095e00000, 0x0000000095e00000| Complete 
| 351|0x0000000095f00000, 0x0000000096000000, 0x0000000096000000|100%| E|CS|TAMS 0x0000000095f00000, 0x0000000095f00000| Complete 
| 352|0x0000000096000000, 0x0000000096100000, 0x0000000096100000|100%| E|CS|TAMS 0x0000000096000000, 0x0000000096000000| Complete 
| 353|0x0000000096100000, 0x0000000096200000, 0x0000000096200000|100%| E|CS|TAMS 0x0000000096100000, 0x0000000096100000| Complete 
| 354|0x0000000096200000, 0x0000000096300000, 0x0000000096300000|100%| E|CS|TAMS 0x0000000096200000, 0x0000000096200000| Complete 
| 355|0x0000000096300000, 0x0000000096400000, 0x0000000096400000|100%| E|CS|TAMS 0x0000000096300000, 0x0000000096300000| Complete 
| 356|0x0000000096400000, 0x0000000096500000, 0x0000000096500000|100%| E|CS|TAMS 0x0000000096400000, 0x0000000096400000| Complete 
| 357|0x0000000096500000, 0x0000000096600000, 0x0000000096600000|100%| E|CS|TAMS 0x0000000096500000, 0x0000000096500000| Complete 
| 358|0x0000000096600000, 0x0000000096700000, 0x0000000096700000|100%| E|CS|TAMS 0x0000000096600000, 0x0000000096600000| Complete 
| 359|0x0000000096700000, 0x0000000096800000, 0x0000000096800000|100%| E|CS|TAMS 0x0000000096700000, 0x0000000096700000| Complete 
| 360|0x0000000096800000, 0x0000000096900000, 0x0000000096900000|100%| E|CS|TAMS 0x0000000096800000, 0x0000000096800000| Complete 
| 361|0x0000000096900000, 0x0000000096a00000, 0x0000000096a00000|100%| E|CS|TAMS 0x0000000096900000, 0x0000000096900000| Complete 
| 362|0x0000000096a00000, 0x0000000096b00000, 0x0000000096b00000|100%| E|CS|TAMS 0x0000000096a00000, 0x0000000096a00000| Complete 
| 363|0x0000000096b00000, 0x0000000096c00000, 0x0000000096c00000|100%| E|CS|TAMS 0x0000000096b00000, 0x0000000096b00000| Complete 
| 364|0x0000000096c00000, 0x0000000096d00000, 0x0000000096d00000|100%| E|CS|TAMS 0x0000000096c00000, 0x0000000096c00000| Complete 
| 365|0x0000000096d00000, 0x0000000096e00000, 0x0000000096e00000|100%| E|CS|TAMS 0x0000000096d00000, 0x0000000096d00000| Complete 
| 366|0x0000000096e00000, 0x0000000096f00000, 0x0000000096f00000|100%| E|CS|TAMS 0x0000000096e00000, 0x0000000096e00000| Complete 
| 367|0x0000000096f00000, 0x0000000097000000, 0x0000000097000000|100%| E|CS|TAMS 0x0000000096f00000, 0x0000000096f00000| Complete 
| 368|0x0000000097000000, 0x0000000097100000, 0x0000000097100000|100%| E|CS|TAMS 0x0000000097000000, 0x0000000097000000| Complete 
| 369|0x0000000097100000, 0x0000000097200000, 0x0000000097200000|100%| E|CS|TAMS 0x0000000097100000, 0x0000000097100000| Complete 
| 370|0x0000000097200000, 0x0000000097300000, 0x0000000097300000|100%| E|CS|TAMS 0x0000000097200000, 0x0000000097200000| Complete 
| 371|0x0000000097300000, 0x0000000097400000, 0x0000000097400000|100%| E|CS|TAMS 0x0000000097300000, 0x0000000097300000| Complete 
| 372|0x0000000097400000, 0x0000000097500000, 0x0000000097500000|100%| E|CS|TAMS 0x0000000097400000, 0x0000000097400000| Complete 
| 373|0x0000000097500000, 0x0000000097600000, 0x0000000097600000|100%| E|CS|TAMS 0x0000000097500000, 0x0000000097500000| Complete 
| 374|0x0000000097600000, 0x0000000097700000, 0x0000000097700000|100%| E|CS|TAMS 0x0000000097600000, 0x0000000097600000| Complete 
| 375|0x0000000097700000, 0x0000000097800000, 0x0000000097800000|100%| E|CS|TAMS 0x0000000097700000, 0x0000000097700000| Complete 
| 376|0x0000000097800000, 0x0000000097900000, 0x0000000097900000|100%| E|CS|TAMS 0x0000000097800000, 0x0000000097800000| Complete 
| 377|0x0000000097900000, 0x0000000097a00000, 0x0000000097a00000|100%| E|CS|TAMS 0x0000000097900000, 0x0000000097900000| Complete 
| 378|0x0000000097a00000, 0x0000000097b00000, 0x0000000097b00000|100%| E|CS|TAMS 0x0000000097a00000, 0x0000000097a00000| Complete 
| 379|0x0000000097b00000, 0x0000000097c00000, 0x0000000097c00000|100%| E|CS|TAMS 0x0000000097b00000, 0x0000000097b00000| Complete 
| 380|0x0000000097c00000, 0x0000000097d00000, 0x0000000097d00000|100%| E|CS|TAMS 0x0000000097c00000, 0x0000000097c00000| Complete 
| 381|0x0000000097d00000, 0x0000000097e00000, 0x0000000097e00000|100%| E|CS|TAMS 0x0000000097d00000, 0x0000000097d00000| Complete 
| 382|0x0000000097e00000, 0x0000000097f00000, 0x0000000097f00000|100%| E|CS|TAMS 0x0000000097e00000, 0x0000000097e00000| Complete 
| 383|0x0000000097f00000, 0x0000000098000000, 0x0000000098000000|100%| E|CS|TAMS 0x0000000097f00000, 0x0000000097f00000| Complete 
| 384|0x0000000098000000, 0x0000000098100000, 0x0000000098100000|100%| E|CS|TAMS 0x0000000098000000, 0x0000000098000000| Complete 
| 385|0x0000000098100000, 0x0000000098200000, 0x0000000098200000|100%| E|CS|TAMS 0x0000000098100000, 0x0000000098100000| Complete 
| 386|0x0000000098200000, 0x0000000098300000, 0x0000000098300000|100%| E|CS|TAMS 0x0000000098200000, 0x0000000098200000| Complete 
| 387|0x0000000098300000, 0x0000000098400000, 0x0000000098400000|100%| E|CS|TAMS 0x0000000098300000, 0x0000000098300000| Complete 
| 388|0x0000000098400000, 0x0000000098500000, 0x0000000098500000|100%| E|CS|TAMS 0x0000000098400000, 0x0000000098400000| Complete 
| 389|0x0000000098500000, 0x0000000098600000, 0x0000000098600000|100%| E|CS|TAMS 0x0000000098500000, 0x0000000098500000| Complete 
| 390|0x0000000098600000, 0x0000000098700000, 0x0000000098700000|100%| E|CS|TAMS 0x0000000098600000, 0x0000000098600000| Complete 
| 391|0x0000000098700000, 0x0000000098800000, 0x0000000098800000|100%| E|CS|TAMS 0x0000000098700000, 0x0000000098700000| Complete 
| 392|0x0000000098800000, 0x0000000098900000, 0x0000000098900000|100%| E|CS|TAMS 0x0000000098800000, 0x0000000098800000| Complete 
| 393|0x0000000098900000, 0x0000000098a00000, 0x0000000098a00000|100%| E|CS|TAMS 0x0000000098900000, 0x0000000098900000| Complete 
| 394|0x0000000098a00000, 0x0000000098b00000, 0x0000000098b00000|100%| E|CS|TAMS 0x0000000098a00000, 0x0000000098a00000| Complete 
| 395|0x0000000098b00000, 0x0000000098c00000, 0x0000000098c00000|100%| E|CS|TAMS 0x0000000098b00000, 0x0000000098b00000| Complete 
| 396|0x0000000098c00000, 0x0000000098d00000, 0x0000000098d00000|100%| E|CS|TAMS 0x0000000098c00000, 0x0000000098c00000| Complete 
| 397|0x0000000098d00000, 0x0000000098e00000, 0x0000000098e00000|100%| E|CS|TAMS 0x0000000098d00000, 0x0000000098d00000| Complete 
| 398|0x0000000098e00000, 0x0000000098f00000, 0x0000000098f00000|100%| E|CS|TAMS 0x0000000098e00000, 0x0000000098e00000| Complete 
| 399|0x0000000098f00000, 0x0000000099000000, 0x0000000099000000|100%| E|CS|TAMS 0x0000000098f00000, 0x0000000098f00000| Complete 
| 400|0x0000000099000000, 0x0000000099100000, 0x0000000099100000|100%| E|CS|TAMS 0x0000000099000000, 0x0000000099000000| Complete 
| 401|0x0000000099100000, 0x0000000099200000, 0x0000000099200000|100%| E|CS|TAMS 0x0000000099100000, 0x0000000099100000| Complete 
| 402|0x0000000099200000, 0x0000000099300000, 0x0000000099300000|100%| E|CS|TAMS 0x0000000099200000, 0x0000000099200000| Complete 
| 403|0x0000000099300000, 0x0000000099400000, 0x0000000099400000|100%| E|CS|TAMS 0x0000000099300000, 0x0000000099300000| Complete 
| 404|0x0000000099400000, 0x0000000099500000, 0x0000000099500000|100%| E|CS|TAMS 0x0000000099400000, 0x0000000099400000| Complete 
| 405|0x0000000099500000, 0x0000000099600000, 0x0000000099600000|100%| E|CS|TAMS 0x0000000099500000, 0x0000000099500000| Complete 
| 406|0x0000000099600000, 0x0000000099700000, 0x0000000099700000|100%| E|CS|TAMS 0x0000000099600000, 0x0000000099600000| Complete 
| 407|0x0000000099700000, 0x0000000099800000, 0x0000000099800000|100%| E|CS|TAMS 0x0000000099700000, 0x0000000099700000| Complete 
| 408|0x0000000099800000, 0x0000000099900000, 0x0000000099900000|100%| E|CS|TAMS 0x0000000099800000, 0x0000000099800000| Complete 
| 409|0x0000000099900000, 0x0000000099a00000, 0x0000000099a00000|100%| E|CS|TAMS 0x0000000099900000, 0x0000000099900000| Complete 
| 410|0x0000000099a00000, 0x0000000099b00000, 0x0000000099b00000|100%| E|CS|TAMS 0x0000000099a00000, 0x0000000099a00000| Complete 
| 411|0x0000000099b00000, 0x0000000099c00000, 0x0000000099c00000|100%| E|CS|TAMS 0x0000000099b00000, 0x0000000099b00000| Complete 
| 412|0x0000000099c00000, 0x0000000099d00000, 0x0000000099d00000|100%| E|CS|TAMS 0x0000000099c00000, 0x0000000099c00000| Complete 

Card table byte_map: [0x0000022553d10000,0x0000022554110000] _byte_map_base: 0x0000022553910000

Marking Bits (Prev, Next): (CMBitMap*) 0x000002253f08d2d0, (CMBitMap*) 0x000002253f08d298
 Prev Bits: [0x0000022556510000, 0x0000022558510000)
 Next Bits: [0x0000022554510000, 0x0000022556510000)

Polling page: 0x000002253eea0000

Metaspace:

Usage:
  Non-class:     91.83 MB capacity,    90.05 MB ( 98%) used,     1.42 MB (  2%) free+waste,   362.06 KB ( <1%) overhead. 
      Class:     14.24 MB capacity,    13.14 MB ( 92%) used,   965.46 KB (  7%) free+waste,   157.81 KB (  1%) overhead. 
       Both:    106.07 MB capacity,   103.19 MB ( 97%) used,     2.36 MB (  2%) free+waste,   519.88 KB ( <1%) overhead. 

Virtual space:
  Non-class space:       92.00 MB reserved,      91.95 MB (>99%) committed 
      Class space:        1.00 GB reserved,      14.25 MB (  1%) committed 
             Both:        1.09 GB reserved,     106.20 MB ( 10%) committed 

Chunk freelists:
   Non-Class:  63.00 KB
       Class:  0 bytes
        Both:  63.00 KB

MaxMetaspaceSize: 17179869184.00 GB
CompressedClassSpaceSize: 1.00 GB

CodeHeap 'non-profiled nmethods': size=120064Kb used=15265Kb max_used=15749Kb free=104799Kb
 bounds [0x000002254bdb0000, 0x000002254cd20000, 0x00000225532f0000]
CodeHeap 'profiled nmethods': size=120000Kb used=38109Kb max_used=42285Kb free=81890Kb
 bounds [0x0000022544880000, 0x00000225472f0000, 0x000002254bdb0000]
CodeHeap 'non-nmethods': size=5696Kb used=2305Kb max_used=2396Kb free=3390Kb
 bounds [0x00000225442f0000, 0x0000022544560000, 0x0000022544880000]
 total_blobs=16521 nmethods=15604 adapters=827
 compilation: enabled
              stopped_count=0, restarted_count=0
 full_count=0

Compilation events (20 events):
Event: 55.176 Thread 0x00000225611b9800 nmethod 18419 0x000002254bf38210 code [0x000002254bf383a0, 0x000002254bf38438]
Event: 55.176 Thread 0x00000225611b9800 18437       4       com.android.tools.r8.internal.mj::a (199 bytes)
Event: 55.177 Thread 0x00000225611b9800 nmethod 18437 0x000002254bf9d310 code [0x000002254bf9d4a0, 0x000002254bf9d538]
Event: 55.177 Thread 0x00000225611b9800 18459       4       com.android.tools.r8.internal.Lv::Z (7 bytes)
Event: 55.177 Thread 0x00000225611b9800 nmethod 18459 0x000002254bfdca90 code [0x000002254bfdcc20, 0x000002254bfdcc98]
Event: 55.177 Thread 0x00000225611b9800 18432       4       com.android.tools.r8.code.E0::hashCode (13 bytes)
Event: 55.178 Thread 0x00000225611b9800 nmethod 18432 0x000002254bfdc790 code [0x000002254bfdc920, 0x000002254bfdc9e8]
Event: 55.178 Thread 0x00000225611b9800 18434       4       java.util.Collections$1::next (25 bytes)
Event: 55.178 Thread 0x00000225611b9800 nmethod 18434 0x000002254bfdc490 code [0x000002254bfdc620, 0x000002254bfdc6b8]
Event: 55.178 Thread 0x00000225611b9800 17762       4       com.android.tools.r8.internal.v8::v (2 bytes)
Event: 55.178 Thread 0x00000225611b9800 nmethod 17762 0x000002254bfdc210 code [0x000002254bfdc3a0, 0x000002254bfdc3f8]
Event: 55.179 Thread 0x00000225611b9800 18422       4       com.android.tools.r8.internal.E7$c::<init> (40 bytes)
Event: 55.179 Thread 0x00000225611b9800 nmethod 18422 0x000002254bfdbf90 code [0x000002254bfdc120, 0x000002254bfdc198]
Event: 55.179 Thread 0x00000225611b9800 18463       4       com.android.tools.r8.internal.ad::iterator (23 bytes)
Event: 55.182 Thread 0x00000225611b9800 nmethod 18463 0x000002254bff9b90 code [0x000002254bff9d40, 0x000002254bffa058]
Event: 55.182 Thread 0x00000225611b9800 18501       4       com.android.tools.r8.internal.j5::a (44 bytes)
Event: 55.229 Thread 0x00000225611b9800 nmethod 18501 0x000002254bff6d90 code [0x000002254bff7060, 0x000002254bff8d48]
Event: 55.229 Thread 0x00000225611b9800 18509       4       com.android.tools.r8.internal.NG::a (56 bytes)
Event: 55.239 Thread 0x00000225611b9800 nmethod 18509 0x000002254bff5f90 code [0x000002254bff6180, 0x000002254bff68a8]
Event: 55.239 Thread 0x00000225611b9800 18503       4       com.android.tools.r8.internal.j5::a (323 bytes)

GC Heap History (20 events):
Event: 46.170 GC heap before
{Heap before GC invocations=77 (full 0):
 garbage-first heap   total 422912K, used 364140K [0x0000000080000000, 0x0000000100000000)
  region size 1024K, 205 young (209920K), 15 survivors (15360K)
 Metaspace       used 105629K, capacity 108472K, committed 108492K, reserved 1142784K
  class space    used 13452K, capacity 14579K, committed 14592K, reserved 1048576K
}
Event: 46.187 GC heap after
{Heap after GC invocations=78 (full 0):
 garbage-first heap   total 422912K, used 171753K [0x0000000080000000, 0x0000000100000000)
  region size 1024K, 14 young (14336K), 14 survivors (14336K)
 Metaspace       used 105629K, capacity 108472K, committed 108492K, reserved 1142784K
  class space    used 13452K, capacity 14579K, committed 14592K, reserved 1048576K
}
Event: 47.001 GC heap before
{Heap before GC invocations=78 (full 0):
 garbage-first heap   total 422912K, used 365289K [0x0000000080000000, 0x0000000100000000)
  region size 1024K, 203 young (207872K), 14 survivors (14336K)
 Metaspace       used 105635K, capacity 108472K, committed 108492K, reserved 1142784K
  class space    used 13452K, capacity 14579K, committed 14592K, reserved 1048576K
}
Event: 47.016 GC heap after
{Heap after GC invocations=79 (full 0):
 garbage-first heap   total 422912K, used 176509K [0x0000000080000000, 0x0000000100000000)
  region size 1024K, 17 young (17408K), 17 survivors (17408K)
 Metaspace       used 105635K, capacity 108472K, committed 108492K, reserved 1142784K
  class space    used 13452K, capacity 14579K, committed 14592K, reserved 1048576K
}
Event: 48.102 GC heap before
{Heap before GC invocations=79 (full 0):
 garbage-first heap   total 422912K, used 361853K [0x0000000080000000, 0x0000000100000000)
  region size 1024K, 198 young (202752K), 17 survivors (17408K)
 Metaspace       used 105641K, capacity 108478K, committed 108492K, reserved 1142784K
  class space    used 13453K, capacity 14580K, committed 14592K, reserved 1048576K
}
Event: 48.116 GC heap after
{Heap after GC invocations=80 (full 0):
 garbage-first heap   total 422912K, used 175507K [0x0000000080000000, 0x0000000100000000)
  region size 1024K, 11 young (11264K), 11 survivors (11264K)
 Metaspace       used 105641K, capacity 108478K, committed 108492K, reserved 1142784K
  class space    used 13453K, capacity 14580K, committed 14592K, reserved 1048576K
}
Event: 49.290 GC heap before
{Heap before GC invocations=80 (full 0):
 garbage-first heap   total 422912K, used 368019K [0x0000000080000000, 0x0000000100000000)
  region size 1024K, 199 young (203776K), 11 survivors (11264K)
 Metaspace       used 105644K, capacity 108478K, committed 108492K, reserved 1142784K
  class space    used 13453K, capacity 14580K, committed 14592K, reserved 1048576K
}
Event: 49.305 GC heap after
{Heap after GC invocations=81 (full 0):
 garbage-first heap   total 422912K, used 177555K [0x0000000080000000, 0x0000000100000000)
  region size 1024K, 13 young (13312K), 13 survivors (13312K)
 Metaspace       used 105644K, capacity 108478K, committed 108492K, reserved 1142784K
  class space    used 13453K, capacity 14580K, committed 14592K, reserved 1048576K
}
Event: 50.455 GC heap before
{Heap before GC invocations=81 (full 0):
 garbage-first heap   total 422912K, used 365971K [0x0000000080000000, 0x0000000100000000)
  region size 1024K, 197 young (201728K), 13 survivors (13312K)
 Metaspace       used 105649K, capacity 108481K, committed 108492K, reserved 1142784K
  class space    used 13454K, capacity 14581K, committed 14592K, reserved 1048576K
}
Event: 50.472 GC heap after
{Heap after GC invocations=82 (full 0):
 garbage-first heap   total 422912K, used 179091K [0x0000000080000000, 0x0000000100000000)
  region size 1024K, 14 young (14336K), 14 survivors (14336K)
 Metaspace       used 105649K, capacity 108481K, committed 108492K, reserved 1142784K
  class space    used 13454K, capacity 14581K, committed 14592K, reserved 1048576K
}
Event: 51.515 GC heap before
{Heap before GC invocations=82 (full 0):
 garbage-first heap   total 422912K, used 365459K [0x0000000080000000, 0x0000000100000000)
  region size 1024K, 196 young (200704K), 14 survivors (14336K)
 Metaspace       used 105652K, capacity 108481K, committed 108492K, reserved 1142784K
  class space    used 13454K, capacity 14581K, committed 14592K, reserved 1048576K
}
Event: 51.529 GC heap after
{Heap after GC invocations=83 (full 0):
 garbage-first heap   total 422912K, used 179852K [0x0000000080000000, 0x0000000100000000)
  region size 1024K, 13 young (13312K), 13 survivors (13312K)
 Metaspace       used 105652K, capacity 108481K, committed 108492K, reserved 1142784K
  class space    used 13454K, capacity 14581K, committed 14592K, reserved 1048576K
}
Event: 52.587 GC heap before
{Heap before GC invocations=83 (full 0):
 garbage-first heap   total 422912K, used 365196K [0x0000000080000000, 0x0000000100000000)
  region size 1024K, 194 young (198656K), 13 survivors (13312K)
 Metaspace       used 105653K, capacity 108481K, committed 108492K, reserved 1142784K
  class space    used 13455K, capacity 14581K, committed 14592K, reserved 1048576K
}
Event: 52.599 GC heap after
{Heap after GC invocations=84 (full 0):
 garbage-first heap   total 422912K, used 181900K [0x0000000080000000, 0x0000000100000000)
  region size 1024K, 15 young (15360K), 15 survivors (15360K)
 Metaspace       used 105653K, capacity 108481K, committed 108492K, reserved 1142784K
  class space    used 13455K, capacity 14581K, committed 14592K, reserved 1048576K
}
Event: 53.443 GC heap before
{Heap before GC invocations=84 (full 0):
 garbage-first heap   total 422912K, used 363148K [0x0000000080000000, 0x0000000100000000)
  region size 1024K, 192 young (196608K), 15 survivors (15360K)
 Metaspace       used 105667K, capacity 108547K, committed 108748K, reserved 1142784K
  class space    used 13458K, capacity 14582K, committed 14592K, reserved 1048576K
}
Event: 53.458 GC heap after
{Heap after GC invocations=85 (full 0):
 garbage-first heap   total 422912K, used 184249K [0x0000000080000000, 0x0000000100000000)
  region size 1024K, 15 young (15360K), 15 survivors (15360K)
 Metaspace       used 105667K, capacity 108547K, committed 108748K, reserved 1142784K
  class space    used 13458K, capacity 14582K, committed 14592K, reserved 1048576K
}
Event: 54.150 GC heap before
{Heap before GC invocations=85 (full 0):
 garbage-first heap   total 422912K, used 364473K [0x0000000080000000, 0x0000000100000000)
  region size 1024K, 191 young (195584K), 15 survivors (15360K)
 Metaspace       used 105667K, capacity 108547K, committed 108748K, reserved 1142784K
  class space    used 13458K, capacity 14582K, committed 14592K, reserved 1048576K
}
Event: 54.169 GC heap after
{Heap after GC invocations=86 (full 0):
 garbage-first heap   total 422912K, used 186142K [0x0000000080000000, 0x0000000100000000)
  region size 1024K, 15 young (15360K), 15 survivors (15360K)
 Metaspace       used 105667K, capacity 108547K, committed 108748K, reserved 1142784K
  class space    used 13458K, capacity 14582K, committed 14592K, reserved 1048576K
}
Event: 54.847 GC heap before
{Heap before GC invocations=86 (full 0):
 garbage-first heap   total 422912K, used 363294K [0x0000000080000000, 0x0000000100000000)
  region size 1024K, 188 young (192512K), 15 survivors (15360K)
 Metaspace       used 105670K, capacity 108611K, committed 108748K, reserved 1142784K
  class space    used 13458K, capacity 14582K, committed 14592K, reserved 1048576K
}
Event: 54.860 GC heap after
{Heap after GC invocations=87 (full 0):
 garbage-first heap   total 422912K, used 187200K [0x0000000080000000, 0x0000000100000000)
  region size 1024K, 12 young (12288K), 12 survivors (12288K)
 Metaspace       used 105670K, capacity 108611K, committed 108748K, reserved 1142784K
  class space    used 13458K, capacity 14582K, committed 14592K, reserved 1048576K
}

Deoptimization events (20 events):
Event: 55.042 Thread 0x000002256345c000 Uncommon trap: trap_request=0xffffffd6 fr.pc=0x000002254be8d334 relative=0x0000000000000174
Event: 55.042 Thread 0x000002256345c000 Uncommon trap: reason=array_check action=maybe_recompile pc=0x000002254be8d334 method=com.android.tools.r8.internal.pf.a([Ljava/lang/Object;I)I @ 32 c2
Event: 55.042 Thread 0x000002256345c000 DEOPT PACKING pc=0x000002254be8d334 sp=0x000000a2d46f65d0
Event: 55.042 Thread 0x000002256345c000 DEOPT UNPACKING pc=0x00000225443178af sp=0x000000a2d46f6560 mode 2
Event: 55.042 Thread 0x000002256345c000 Uncommon trap: trap_request=0xffffffd6 fr.pc=0x000002254be8d334 relative=0x0000000000000174
Event: 55.042 Thread 0x000002256345c000 Uncommon trap: reason=array_check action=maybe_recompile pc=0x000002254be8d334 method=com.android.tools.r8.internal.pf.a([Ljava/lang/Object;I)I @ 32 c2
Event: 55.042 Thread 0x000002256345c000 DEOPT PACKING pc=0x000002254be8d334 sp=0x000000a2d46f65d0
Event: 55.042 Thread 0x000002256345c000 DEOPT UNPACKING pc=0x00000225443178af sp=0x000000a2d46f6560 mode 2
Event: 55.043 Thread 0x000002256345c000 Uncommon trap: trap_request=0xffffffd6 fr.pc=0x000002254be8d334 relative=0x0000000000000174
Event: 55.043 Thread 0x000002256345c000 Uncommon trap: reason=array_check action=maybe_recompile pc=0x000002254be8d334 method=com.android.tools.r8.internal.pf.a([Ljava/lang/Object;I)I @ 32 c2
Event: 55.043 Thread 0x000002256345c000 DEOPT PACKING pc=0x000002254be8d334 sp=0x000000a2d46f6400
Event: 55.043 Thread 0x000002256345c000 DEOPT UNPACKING pc=0x00000225443178af sp=0x000000a2d46f6390 mode 2
Event: 55.045 Thread 0x000002256345c000 Uncommon trap: trap_request=0xffffffd6 fr.pc=0x000002254be8d334 relative=0x0000000000000174
Event: 55.045 Thread 0x000002256345c000 Uncommon trap: reason=array_check action=maybe_recompile pc=0x000002254be8d334 method=com.android.tools.r8.internal.pf.a([Ljava/lang/Object;I)I @ 32 c2
Event: 55.045 Thread 0x000002256345c000 DEOPT PACKING pc=0x000002254be8d334 sp=0x000000a2d46f65d0
Event: 55.045 Thread 0x000002256345c000 DEOPT UNPACKING pc=0x00000225443178af sp=0x000000a2d46f6560 mode 2
Event: 55.158 Thread 0x000002256345c000 Uncommon trap: trap_request=0xffffff4d fr.pc=0x000002254bfd32c0 relative=0x0000000000003640
Event: 55.158 Thread 0x000002256345c000 Uncommon trap: reason=unstable_if action=reinterpret pc=0x000002254bfd32c0 method=com.android.tools.r8.internal.c9.a(Lcom/android/tools/r8/internal/Me;Lcom/android/tools/r8/internal/mF;)V @ 445 c2
Event: 55.158 Thread 0x000002256345c000 DEOPT PACKING pc=0x000002254bfd32c0 sp=0x000000a2d46f6860
Event: 55.158 Thread 0x000002256345c000 DEOPT UNPACKING pc=0x00000225443178af sp=0x000000a2d46f6898 mode 2

Classes redefined (0 events):
No events

Internal exceptions (20 events):
Event: 29.423 Thread 0x000002255f783800 Exception <a 'sun/nio/fs/WindowsException'{0x000000008ebd6c48}> (0x000000008ebd6c48) thrown at [./src/hotspot/share/prims/jni.cpp, line 615]
Event: 29.442 Thread 0x000002255f783800 Exception <a 'sun/nio/fs/WindowsException'{0x000000008e9c8f50}> (0x000000008e9c8f50) thrown at [./src/hotspot/share/prims/jni.cpp, line 615]
Event: 29.490 Thread 0x000002255f784800 Exception <a 'sun/nio/fs/WindowsException'{0x000000008d7514e0}> (0x000000008d7514e0) thrown at [./src/hotspot/share/prims/jni.cpp, line 615]
Event: 29.491 Thread 0x000002255f781000 Exception <a 'sun/nio/fs/WindowsException'{0x000000008d7ef048}> (0x000000008d7ef048) thrown at [./src/hotspot/share/prims/jni.cpp, line 615]
Event: 29.505 Thread 0x000002255f783800 Exception <a 'sun/nio/fs/WindowsException'{0x000000008d398300}> (0x000000008d398300) thrown at [./src/hotspot/share/prims/jni.cpp, line 615]
Event: 29.517 Thread 0x000002255f783800 Exception <a 'sun/nio/fs/WindowsException'{0x000000008d3dca60}> (0x000000008d3dca60) thrown at [./src/hotspot/share/prims/jni.cpp, line 615]
Event: 29.521 Thread 0x000002255f783800 Exception <a 'sun/nio/fs/WindowsException'{0x000000008cf62c30}> (0x000000008cf62c30) thrown at [./src/hotspot/share/prims/jni.cpp, line 615]
Event: 29.526 Thread 0x000002255f781000 Exception <a 'sun/nio/fs/WindowsException'{0x000000008cd20c00}> (0x000000008cd20c00) thrown at [./src/hotspot/share/prims/jni.cpp, line 615]
Event: 29.533 Thread 0x000002255f783800 Exception <a 'sun/nio/fs/WindowsException'{0x000000008ceaa8b8}> (0x000000008ceaa8b8) thrown at [./src/hotspot/share/prims/jni.cpp, line 615]
Event: 29.536 Thread 0x000002255f783800 Exception <a 'sun/nio/fs/WindowsException'{0x000000008cb59158}> (0x000000008cb59158) thrown at [./src/hotspot/share/prims/jni.cpp, line 615]
Event: 29.538 Thread 0x000002255f781000 Exception <a 'sun/nio/fs/WindowsException'{0x000000008ca02960}> (0x000000008ca02960) thrown at [./src/hotspot/share/prims/jni.cpp, line 615]
Event: 29.578 Thread 0x000002255f784800 Exception <a 'sun/nio/fs/WindowsException'{0x000000008ba11f08}> (0x000000008ba11f08) thrown at [./src/hotspot/share/prims/jni.cpp, line 615]
Event: 29.834 Thread 0x000002255f783000 Exception <a 'sun/nio/fs/WindowsException'{0x000000008cb58c10}> (0x000000008cb58c10) thrown at [./src/hotspot/share/prims/jni.cpp, line 615]
Event: 30.042 Thread 0x000002256345c000 Exception <a 'sun/nio/fs/WindowsException'{0x000000008fb8a768}> (0x000000008fb8a768) thrown at [./src/hotspot/share/prims/jni.cpp, line 615]
Event: 31.685 Thread 0x000002255f784800 Implicit null exception at 0x000002254c898040 to 0x000002254c89c444
Event: 32.802 Thread 0x000002255f784800 Exception <a 'java/lang/NoSuchMethodError'{0x000000008f8f6e48}: 'java.lang.Object java.lang.invoke.DirectMethodHandle$Holder.invokeSpecial(java.lang.Object, java.lang.Object, java.lang.Object, java.lang.Object, java.lang.Object, java.lang.Object, java.lang.Object, java.lang.Object, java.lang.Object, java.lang.Object, java.lang.Object)'> (0x000000008f8f6e48) thrown at [./src/hotspot/share/interpreter/linkResolver.cpp, line 773]
Event: 32.802 Thread 0x000002255f784800 Exception <a 'java/lang/NoSuchMethodError'{0x000000008f6831d0}: 'java.lang.Object java.lang.invoke.Invokers$Holder.linkToTargetMethod(java.lang.Object, java.lang.Object, java.lang.Object, java.lang.Object, java.lang.Object, java.lang.Object, java.lang.Object, java.lang.Object, java.lang.Object, java.lang.Object)'> (0x000000008f6831d0) thrown at [./src/hotspot/share/interpreter/linkResolver.cpp, line 773]
Event: 32.808 Thread 0x000002255f784800 Exception <a 'java/lang/IncompatibleClassChangeError'{0x000000008f6d71e0}: Found class java.lang.Object, but interface was expected> (0x000000008f6d71e0) thrown at [./src/hotspot/share/interpreter/linkResolver.cpp, line 839]
Event: 34.263 Thread 0x000002255f784800 Implicit null exception at 0x000002254c5b2bef to 0x000002254c5b2d2c
Event: 34.472 Thread 0x000002255f784800 Exception <a 'sun/nio/fs/WindowsException'{0x0000000092aae048}> (0x0000000092aae048) thrown at [./src/hotspot/share/prims/jni.cpp, line 615]

Events (20 events):
Event: 55.035 Thread 0x000002255b4e0800 flushing nmethod 0x00000225465c2f90
Event: 55.036 Thread 0x000002255b4e0800 flushing nmethod 0x00000225465f1110
Event: 55.036 Thread 0x000002255b4e0800 flushing nmethod 0x00000225465f2290
Event: 55.036 Thread 0x000002255b4e0800 flushing nmethod 0x0000022546602d10
Event: 55.036 Thread 0x000002255b4e0800 flushing nmethod 0x000002254660e710
Event: 55.036 Thread 0x000002255b4e0800 flushing nmethod 0x0000022546632a10
Event: 55.036 Thread 0x000002255b4e0800 flushing nmethod 0x0000022546646a90
Event: 55.036 Thread 0x000002255b4e0800 flushing nmethod 0x000002254664ab10
Event: 55.036 Thread 0x000002255b4e0800 flushing nmethod 0x0000022546652910
Event: 55.036 Thread 0x000002255b4e0800 flushing nmethod 0x0000022546658810
Event: 55.036 Thread 0x000002255b4e0800 flushing nmethod 0x000002254665c590
Event: 55.036 Thread 0x000002255b4e0800 flushing nmethod 0x0000022546666490
Event: 55.036 Thread 0x000002255b4e0800 flushing nmethod 0x000002254667e490
Event: 55.037 Thread 0x000002255b4e0800 flushing nmethod 0x0000022546682290
Event: 55.037 Thread 0x000002255b4e0800 flushing nmethod 0x0000022546682790
Event: 55.037 Thread 0x000002255b4e0800 flushing nmethod 0x0000022546727510
Event: 55.043 Executing VM operation: ICBufferFull
Event: 55.043 Executing VM operation: ICBufferFull done
Event: 55.259 loading class com/android/tools/r8/internal/pz
Event: 55.259 loading class com/android/tools/r8/internal/pz done


Dynamic libraries:
0x00007ff719fa0000 - 0x00007ff719faa000 	C:\Program Files\androiod\jre\bin\java.exe
0x00007ff917970000 - 0x00007ff917b65000 	C:\Windows\SYSTEM32\ntdll.dll
0x00007ff917080000 - 0x00007ff91713d000 	C:\Windows\System32\KERNEL32.DLL
0x00007ff915680000 - 0x00007ff915948000 	C:\Windows\System32\KERNELBASE.dll
0x00007ff915500000 - 0x00007ff915600000 	C:\Windows\System32\ucrtbase.dll
0x00007ff9056a0000 - 0x00007ff9056b7000 	C:\Program Files\androiod\jre\bin\VCRUNTIME140.dll
0x00007ff909900000 - 0x00007ff909919000 	C:\Program Files\androiod\jre\bin\jli.dll
0x00007ff917140000 - 0x00007ff9172e0000 	C:\Windows\System32\USER32.dll
0x00007ff9154d0000 - 0x00007ff9154f2000 	C:\Windows\System32\win32u.dll
0x00007ff9176f0000 - 0x00007ff91771a000 	C:\Windows\System32\GDI32.dll
0x00007ff907210000 - 0x00007ff9074aa000 	C:\Windows\WinSxS\amd64_microsoft.windows.common-controls_6595b64144ccf1df_6.0.19041.844_none_ca00b6081b84eb1d\COMCTL32.dll
0x00007ff915200000 - 0x00007ff91530b000 	C:\Windows\System32\gdi32full.dll
0x00007ff9150b0000 - 0x00007ff91514d000 	C:\Windows\System32\msvcp_win.dll
0x00007ff917430000 - 0x00007ff9174ce000 	C:\Windows\System32\msvcrt.dll
0x00007ff917730000 - 0x00007ff917760000 	C:\Windows\System32\IMM32.DLL
0x00007ff8f03d0000 - 0x00007ff8f046d000 	C:\Program Files\androiod\jre\bin\msvcp140.dll
0x00007ff8f12e0000 - 0x00007ff8f1daf000 	C:\Program Files\androiod\jre\bin\server\jvm.dll
0x00007ff9177c0000 - 0x00007ff91786c000 	C:\Windows\System32\ADVAPI32.dll
0x00007ff917890000 - 0x00007ff91792b000 	C:\Windows\System32\sechost.dll
0x00007ff916980000 - 0x00007ff916aab000 	C:\Windows\System32\RPCRT4.dll
0x00007ff917720000 - 0x00007ff917728000 	C:\Windows\System32\PSAPI.DLL
0x00007ff909460000 - 0x00007ff909469000 	C:\Windows\SYSTEM32\WSOCK32.dll
0x00007ff917360000 - 0x00007ff9173cb000 	C:\Windows\System32\WS2_32.dll
0x00007ff901120000 - 0x00007ff901147000 	C:\Windows\SYSTEM32\WINMM.dll
0x00007ff90beb0000 - 0x00007ff90beba000 	C:\Windows\SYSTEM32\VERSION.dll
0x00007ff913020000 - 0x00007ff913032000 	C:\Windows\SYSTEM32\kernel.appcore.dll
0x00007ff90e8c0000 - 0x00007ff90e8d1000 	C:\Program Files\androiod\jre\bin\verify.dll
0x00007ff903d10000 - 0x00007ff903ef4000 	C:\Windows\SYSTEM32\DBGHELP.DLL
0x00007ff903cb0000 - 0x00007ff903cdc000 	C:\Windows\SYSTEM32\dbgcore.DLL
0x00007ff915950000 - 0x00007ff9159d0000 	C:\Windows\System32\bcryptPrimitives.dll
0x00007ff90e890000 - 0x00007ff90e8b9000 	C:\Program Files\androiod\jre\bin\java.dll
0x00007ff9125a0000 - 0x00007ff9125ab000 	C:\Program Files\androiod\jre\bin\jimage.dll
0x00007ff90e870000 - 0x00007ff90e888000 	C:\Program Files\androiod\jre\bin\zip.dll
0x00007ff915f70000 - 0x00007ff9166b2000 	C:\Windows\System32\SHELL32.dll
0x00007ff913220000 - 0x00007ff9139b0000 	C:\Windows\SYSTEM32\windows.storage.dll
0x00007ff916d20000 - 0x00007ff917075000 	C:\Windows\System32\combase.dll
0x00007ff914a50000 - 0x00007ff914a7c000 	C:\Windows\SYSTEM32\Wldp.dll
0x00007ff916b50000 - 0x00007ff916bfe000 	C:\Windows\System32\SHCORE.dll
0x00007ff9174d0000 - 0x00007ff917525000 	C:\Windows\System32\shlwapi.dll
0x00007ff914ff0000 - 0x00007ff91500f000 	C:\Windows\SYSTEM32\profapi.dll
0x00007ff90e850000 - 0x00007ff90e86a000 	C:\Program Files\androiod\jre\bin\net.dll
0x00007ff910690000 - 0x00007ff91079b000 	C:\Windows\SYSTEM32\WINHTTP.dll
0x00007ff9147c0000 - 0x00007ff91482a000 	C:\Windows\system32\mswsock.dll
0x00007ff90e830000 - 0x00007ff90e844000 	C:\Program Files\androiod\jre\bin\nio.dll
0x00007ff9055b0000 - 0x00007ff9055d7000 	C:\Users\Fernando Lima\.gradle\native\8bec1ad78214c89d9ad589b4d07fe93259594b29d510b10fafb7a158f7737e5d\windows-amd64\native-platform.dll
0x00007ff8fdad0000 - 0x00007ff8fdc0d000 	C:\Users\Fernando Lima\.gradle\native\53dbd7edfb1c66fb8903c78663c9afc45aea4f116125fa6feffd364cf09443e8\windows-amd64\native-platform-file-events.dll
0x00007ff9107f0000 - 0x00007ff9107fa000 	C:\Program Files\androiod\jre\bin\management.dll
0x00007ff9107a0000 - 0x00007ff9107ac000 	C:\Program Files\androiod\jre\bin\management_ext.dll
0x00007ff9149a0000 - 0x00007ff9149b8000 	C:\Windows\SYSTEM32\CRYPTSP.dll
0x00007ff914160000 - 0x00007ff914194000 	C:\Windows\system32\rsaenh.dll
0x00007ff915600000 - 0x00007ff915627000 	C:\Windows\System32\bcrypt.dll
0x00007ff914f70000 - 0x00007ff914f9e000 	C:\Windows\SYSTEM32\USERENV.dll
0x00007ff914990000 - 0x00007ff91499c000 	C:\Windows\SYSTEM32\CRYPTBASE.dll
0x00007ff9144b0000 - 0x00007ff9144eb000 	C:\Windows\SYSTEM32\IPHLPAPI.DLL
0x00007ff916b40000 - 0x00007ff916b48000 	C:\Windows\System32\NSI.dll
0x00007ff90fd60000 - 0x00007ff90fd77000 	C:\Windows\SYSTEM32\dhcpcsvc6.DLL
0x00007ff90fd00000 - 0x00007ff90fd1d000 	C:\Windows\SYSTEM32\dhcpcsvc.DLL
0x00007ff9144f0000 - 0x00007ff9145bc000 	C:\Windows\SYSTEM32\DNSAPI.dll

dbghelp: loaded successfully - version: 4.0.5 - missing functions: none
symbol engine: initialized successfully - sym options: 0x614 - pdb path: .;C:\Program Files\androiod\jre\bin;C:\Windows\SYSTEM32;C:\Windows\WinSxS\amd64_microsoft.windows.common-controls_6595b64144ccf1df_6.0.19041.844_none_ca00b6081b84eb1d;C:\Program Files\androiod\jre\bin\server;C:\Users\Fernando Lima\.gradle\native\8bec1ad78214c89d9ad589b4d07fe93259594b29d510b10fafb7a158f7737e5d\windows-amd64;C:\Users\Fernando Lima\.gradle\native\53dbd7edfb1c66fb8903c78663c9afc45aea4f116125fa6feffd364cf09443e8\windows-amd64

VM Arguments:
jvm_args: --add-opens=java.base/java.util=ALL-UNNAMED --add-opens=java.base/java.lang=ALL-UNNAMED --add-opens=java.base/java.lang.invoke=ALL-UNNAMED --add-opens=java.base/java.util=ALL-UNNAMED --add-opens=java.prefs/java.util.prefs=ALL-UNNAMED --add-opens=java.prefs/java.util.prefs=ALL-UNNAMED --add-opens=java.base/java.nio.charset=ALL-UNNAMED --add-opens=java.base/java.net=ALL-UNNAMED --add-opens=java.base/java.util.concurrent.atomic=ALL-UNNAMED -Xmx2048m -Dfile.encoding=UTF-8 -Duser.country=BR -Duser.language=pt -Duser.variant 
java_command: org.gradle.launcher.daemon.bootstrap.GradleDaemon 7.0.2
java_class_path (initial): C:\Users\Fernando Lima\.gradle\wrapper\dists\gradle-7.0.2-bin\857tjihv64xamwrf0h14cai3r\gradle-7.0.2\lib\gradle-launcher-7.0.2.jar
Launcher Type: SUN_STANDARD

[Global flags]
     intx CICompilerCount                          = 3                                         {product} {ergonomic}
     uint ConcGCThreads                            = 1                                         {product} {ergonomic}
     uint G1ConcRefinementThreads                  = 4                                         {product} {ergonomic}
   size_t G1HeapRegionSize                         = 1048576                                   {product} {ergonomic}
    uintx GCDrainStackTargetSize                   = 64                                        {product} {ergonomic}
   size_t InitialHeapSize                          = 132120576                                 {product} {ergonomic}
   size_t MarkStackSize                            = 4194304                                   {product} {ergonomic}
   size_t MaxHeapSize                              = 2147483648                                {product} {command line}
   size_t MaxNewSize                               = 1287651328                                {product} {ergonomic}
   size_t MinHeapDeltaBytes                        = 1048576                                   {product} {ergonomic}
    uintx NonNMethodCodeHeapSize                   = 5830732                                {pd product} {ergonomic}
    uintx NonProfiledCodeHeapSize                  = 122913754                              {pd product} {ergonomic}
    uintx ProfiledCodeHeapSize                     = 122913754                              {pd product} {ergonomic}
    uintx ReservedCodeCacheSize                    = 251658240                              {pd product} {ergonomic}
     bool SegmentedCodeCache                       = true                                      {product} {ergonomic}
     bool UseCompressedClassPointers               = true                                 {lp64_product} {ergonomic}
     bool UseCompressedOops                        = true                                 {lp64_product} {ergonomic}
     bool UseG1GC                                  = true                                      {product} {ergonomic}
     bool UseLargePagesIndividualAllocation        = false                                  {pd product} {ergonomic}

Logging:
Log output configuration:
 #0: stdout all=warning uptime,level,tags
 #1: stderr all=off uptime,level,tags

Environment Variables:
PATH=C:\Windows\system32;C:\Windows;C:\Windows\System32\Wbem;C:\Windows\System32\WindowsPowerShell\v1.0\;C:\Windows\System32\OpenSSH\;C:\Users\Fernando Lima\AppData\Local\Microsoft\WindowsApps;
USERNAME=Fernando Lima
OS=Windows_NT
PROCESSOR_IDENTIFIER=Intel64 Family 6 Model 60 Stepping 3, GenuineIntel



---------------  S Y S T E M  ---------------

OS: Windows 10 , 64 bit Build 19041 (10.0.19041.928)
OS uptime: 0 days 2:52 hours

CPU:total 4 (initial active 4) (4 cores per cpu, 1 threads per core) family 6 model 60 stepping 3 microcode 0x27, cmov, cx8, fxsr, mmx, sse, sse2, sse3, ssse3, sse4.1, sse4.2, popcnt, avx, avx2, aes, clmul, erms, lzcnt, tsc, tscinvbit, bmi1, bmi2, fma

Memory: 4k page, system-wide physical 8059M (548M free)
TotalPageFile size 8059M (AvailPageFile size 6M)
current process WorkingSet (physical memory assigned to process): 837M, peak: 842M
current process commit charge ("private bytes"): 913M, peak: 917M

vm_info: OpenJDK 64-Bit Server VM (11.0.10+0-b96-7249189) for windows-amd64 JRE (11.0.10+0-b96-7249189), built on Mar 31 2021 21:44:00 by "builder" with MS VC++ 14.0 (VS2015)

END.
